{"/Users/olegsemenko/botcow_assistance/src/backend/ciDiagnostics.ts": {"path":"/Users/olegsemenko/botcow_assistance/src/backend/ciDiagnostics.ts","statementMap":{"0":{"start":{"line":28,"column":0},"end":{"line":28,"column":7}},"1":{"start":{"line":89,"column":0},"end":{"line":89,"column":7}},"2":{"start":{"line":124,"column":0},"end":{"line":124,"column":7}},"3":{"start":{"line":1,"column":0},"end":{"line":1,"column":null}},"4":{"start":{"line":7,"column":0},"end":{"line":7,"column":null}},"5":{"start":{"line":21,"column":26},"end":{"line":21,"column":28}},"6":{"start":{"line":22,"column":2},"end":{"line":24,"column":3}},"7":{"start":{"line":23,"column":4},"end":{"line":23,"column":45}},"8":{"start":{"line":23,"column":26},"end":{"line":23,"column":45}},"9":{"start":{"line":25,"column":2},"end":{"line":25,"column":13}},"10":{"start":{"line":33,"column":14},"end":{"line":34,"column":null}},"11":{"start":{"line":37,"column":22},"end":{"line":37,"column":64}},"12":{"start":{"line":38,"column":2},"end":{"line":38,"column":81}},"13":{"start":{"line":42,"column":16},"end":{"line":42,"column":35}},"14":{"start":{"line":45,"column":19},"end":{"line":54,"column":4}},"15":{"start":{"line":56,"column":25},"end":{"line":56,"column":27}},"16":{"start":{"line":57,"column":2},"end":{"line":61,"column":3}},"17":{"start":{"line":57,"column":15},"end":{"line":57,"column":16}},"18":{"start":{"line":58,"column":14},"end":{"line":58,"column":22}},"19":{"start":{"line":59,"column":4},"end":{"line":59,"column":21}},"20":{"start":{"line":59,"column":12},"end":{"line":59,"column":21}},"21":{"start":{"line":60,"column":4},"end":{"line":60,"column":54}},"22":{"start":{"line":60,"column":29},"end":{"line":60,"column":38}},"23":{"start":{"line":60,"column":41},"end":{"line":60,"column":54}},"24":{"start":{"line":63,"column":2},"end":{"line":63,"column":35}},"25":{"start":{"line":63,"column":25},"end":{"line":63,"column":35}},"26":{"start":{"line":66,"column":43},"end":{"line":66,"column":45}},"27":{"start":{"line":67,"column":2},"end":{"line":69,"column":3}},"28":{"start":{"line":68,"column":4},"end":{"line":68,"column":78}},"29":{"start":{"line":72,"column":2},"end":{"line":72,"column":38}},"30":{"start":{"line":72,"column":25},"end":{"line":72,"column":36}},"31":{"start":{"line":73,"column":42},"end":{"line":73,"column":44}},"32":{"start":{"line":74,"column":2},"end":{"line":78,"column":3}},"33":{"start":{"line":75,"column":17},"end":{"line":75,"column":42}},"34":{"start":{"line":76,"column":4},"end":{"line":77,"column":43}},"35":{"start":{"line":76,"column":37},"end":{"line":76,"column":57}},"36":{"start":{"line":77,"column":9},"end":{"line":77,"column":43}},"37":{"start":{"line":80,"column":24},"end":{"line":80,"column":26}},"38":{"start":{"line":81,"column":2},"end":{"line":84,"column":3}},"39":{"start":{"line":82,"column":4},"end":{"line":82,"column":58}},"40":{"start":{"line":82,"column":17},"end":{"line":82,"column":18}},"41":{"start":{"line":82,"column":33},"end":{"line":82,"column":58}},"42":{"start":{"line":83,"column":4},"end":{"line":83,"column":17}},"43":{"start":{"line":86,"column":2},"end":{"line":86,"column":67}},"44":{"start":{"line":86,"column":27},"end":{"line":86,"column":46}},"45":{"start":{"line":94,"column":15},"end":{"line":95,"column":null}},"46":{"start":{"line":98,"column":21},"end":{"line":104,"column":6}},"47":{"start":{"line":99,"column":34},"end":{"line":99,"column":92}},"48":{"start":{"line":101,"column":19},"end":{"line":101,"column":45}},"49":{"start":{"line":102,"column":18},"end":{"line":102,"column":41}},"50":{"start":{"line":103,"column":6},"end":{"line":103,"column":57}},"51":{"start":{"line":106,"column":19},"end":{"line":109,"column":null}},"52":{"start":{"line":112,"column":21},"end":{"line":112,"column":61}},"53":{"start":{"line":114,"column":21},"end":{"line":119,"column":47}},"54":{"start":{"line":121,"column":2},"end":{"line":121,"column":69}},"55":{"start":{"line":131,"column":18},"end":{"line":131,"column":37}},"56":{"start":{"line":133,"column":18},"end":{"line":137,"column":null}},"57":{"start":{"line":140,"column":16},"end":{"line":140,"column":33}},"58":{"start":{"line":141,"column":2},"end":{"line":143,"column":3}},"59":{"start":{"line":142,"column":4},"end":{"line":142,"column":46}},"60":{"start":{"line":146,"column":2},"end":{"line":150,"column":5}}},"fnMap":{"0":{"name":"omitUndefined","decl":{"start":{"line":20,"column":9},"end":{"line":20,"column":22}},"loc":{"start":{"line":20,"column":64},"end":{"line":26,"column":1}}},"1":{"name":"githubGetWorkflowRunLogsText","decl":{"start":{"line":28,"column":22},"end":{"line":28,"column":50}},"loc":{"start":{"line":32,"column":1},"end":{"line":39,"column":1}}},"2":{"name":"extractErrorLinesFromLogs","decl":{"start":{"line":41,"column":9},"end":{"line":41,"column":34}},"loc":{"start":{"line":41,"column":62},"end":{"line":87,"column":1}}},"3":{"name":"(anonymous_3)","decl":{"start":{"line":60,"column":22},"end":{"line":60,"column":23}},"loc":{"start":{"line":60,"column":29},"end":{"line":60,"column":38}}},"4":{"name":"(anonymous_4)","decl":{"start":{"line":72,"column":15},"end":{"line":72,"column":16}},"loc":{"start":{"line":72,"column":25},"end":{"line":72,"column":36}}},"5":{"name":"(anonymous_5)","decl":{"start":{"line":86,"column":20},"end":{"line":86,"column":21}},"loc":{"start":{"line":86,"column":27},"end":{"line":86,"column":46}}},"6":{"name":"githubDiagnoseWorkflowRun","decl":{"start":{"line":89,"column":22},"end":{"line":89,"column":47}},"loc":{"start":{"line":93,"column":1},"end":{"line":122,"column":1}}},"7":{"name":"(anonymous_7)","decl":{"start":{"line":99,"column":12},"end":{"line":99,"column":13}},"loc":{"start":{"line":99,"column":34},"end":{"line":99,"column":92}}},"8":{"name":"(anonymous_8)","decl":{"start":{"line":100,"column":13},"end":{"line":100,"column":14}},"loc":{"start":{"line":100,"column":34},"end":{"line":104,"column":5}}},"9":{"name":"githubDiagnoseLatestWorkflowRun","decl":{"start":{"line":124,"column":22},"end":{"line":124,"column":53}},"loc":{"start":{"line":130,"column":1},"end":{"line":151,"column":1}}}},"branchMap":{"0":{"loc":{"start":{"line":23,"column":4},"end":{"line":23,"column":45}},"type":"if","locations":[{"start":{"line":23,"column":4},"end":{"line":23,"column":45}}]},"1":{"loc":{"start":{"line":34,"column":4},"end":{"line":34,"column":82}},"type":"cond-expr","locations":[{"start":{"line":34,"column":16},"end":{"line":34,"column":56}},{"start":{"line":34,"column":59},"end":{"line":34,"column":82}}]},"2":{"loc":{"start":{"line":41,"column":49},"end":{"line":41,"column":62}},"type":"default-arg","locations":[{"start":{"line":41,"column":60},"end":{"line":41,"column":62}}]},"3":{"loc":{"start":{"line":59,"column":4},"end":{"line":59,"column":21}},"type":"if","locations":[{"start":{"line":59,"column":4},"end":{"line":59,"column":21}}]},"4":{"loc":{"start":{"line":60,"column":4},"end":{"line":60,"column":54}},"type":"if","locations":[{"start":{"line":60,"column":4},"end":{"line":60,"column":54}}]},"5":{"loc":{"start":{"line":63,"column":2},"end":{"line":63,"column":35}},"type":"if","locations":[{"start":{"line":63,"column":2},"end":{"line":63,"column":35}}]},"6":{"loc":{"start":{"line":76,"column":4},"end":{"line":77,"column":43}},"type":"if","locations":[{"start":{"line":76,"column":4},"end":{"line":77,"column":43}},{"start":{"line":77,"column":9},"end":{"line":77,"column":43}}]},"7":{"loc":{"start":{"line":76,"column":8},"end":{"line":76,"column":35}},"type":"binary-expr","locations":[{"start":{"line":76,"column":8},"end":{"line":76,"column":13}},{"start":{"line":76,"column":17},"end":{"line":76,"column":35}}]},"8":{"loc":{"start":{"line":82,"column":42},"end":{"line":82,"column":56}},"type":"cond-expr","locations":[{"start":{"line":82,"column":50},"end":{"line":82,"column":54}},{"start":{"line":82,"column":54},"end":{"line":82,"column":56}}]},"9":{"loc":{"start":{"line":82,"column":42},"end":{"line":82,"column":54}},"type":"binary-expr","locations":[{"start":{"line":82,"column":42},"end":{"line":82,"column":54}},{"start":{"line":82,"column":50},"end":{"line":82,"column":54}}]},"10":{"loc":{"start":{"line":95,"column":4},"end":{"line":95,"column":82}},"type":"cond-expr","locations":[{"start":{"line":95,"column":16},"end":{"line":95,"column":56}},{"start":{"line":95,"column":59},"end":{"line":95,"column":82}}]},"11":{"loc":{"start":{"line":99,"column":34},"end":{"line":99,"column":92}},"type":"binary-expr","locations":[{"start":{"line":99,"column":34},"end":{"line":99,"column":60}},{"start":{"line":99,"column":64},"end":{"line":99,"column":92}}]},"12":{"loc":{"start":{"line":102,"column":18},"end":{"line":102,"column":41}},"type":"cond-expr","locations":[{"start":{"line":102,"column":28},"end":{"line":102,"column":32}},{"start":{"line":102,"column":32},"end":{"line":102,"column":41}}]},"13":{"loc":{"start":{"line":102,"column":18},"end":{"line":102,"column":32}},"type":"binary-expr","locations":[{"start":{"line":102,"column":18},"end":{"line":102,"column":32}},{"start":{"line":102,"column":28},"end":{"line":102,"column":32}}]},"14":{"loc":{"start":{"line":103,"column":13},"end":{"line":103,"column":56}},"type":"cond-expr","locations":[{"start":{"line":103,"column":19},"end":{"line":103,"column":47}},{"start":{"line":103,"column":50},"end":{"line":103,"column":56}}]},"15":{"loc":{"start":{"line":108,"column":8},"end":{"line":108,"column":44}},"type":"cond-expr","locations":[{"start":{"line":108,"column":20},"end":{"line":108,"column":39}},{"start":{"line":108,"column":42},"end":{"line":108,"column":44}}]},"16":{"loc":{"start":{"line":109,"column":8},"end":{"line":109,"column":70}},"type":"cond-expr","locations":[{"start":{"line":109,"column":38},"end":{"line":109,"column":65}},{"start":{"line":109,"column":68},"end":{"line":109,"column":70}}]},"17":{"loc":{"start":{"line":121,"column":9},"end":{"line":121,"column":68}},"type":"cond-expr","locations":[{"start":{"line":121,"column":20},"end":{"line":121,"column":56}},{"start":{"line":121,"column":58},"end":{"line":121,"column":68}}]},"18":{"loc":{"start":{"line":131,"column":18},"end":{"line":131,"column":37}},"type":"cond-expr","locations":[{"start":{"line":131,"column":31},"end":{"line":131,"column":35}},{"start":{"line":131,"column":35},"end":{"line":131,"column":37}}]},"19":{"loc":{"start":{"line":131,"column":18},"end":{"line":131,"column":35}},"type":"binary-expr","locations":[{"start":{"line":131,"column":18},"end":{"line":131,"column":35}},{"start":{"line":131,"column":31},"end":{"line":131,"column":35}}]},"20":{"loc":{"start":{"line":134,"column":8},"end":{"line":134,"column":44}},"type":"cond-expr","locations":[{"start":{"line":134,"column":20},"end":{"line":134,"column":39}},{"start":{"line":134,"column":42},"end":{"line":134,"column":44}}]},"21":{"loc":{"start":{"line":135,"column":8},"end":{"line":135,"column":65}},"type":"cond-expr","locations":[{"start":{"line":135,"column":27},"end":{"line":135,"column":60}},{"start":{"line":135,"column":63},"end":{"line":135,"column":65}}]},"22":{"loc":{"start":{"line":136,"column":8},"end":{"line":136,"column":44}},"type":"cond-expr","locations":[{"start":{"line":136,"column":19},"end":{"line":136,"column":39}},{"start":{"line":136,"column":42},"end":{"line":136,"column":44}}]},"23":{"loc":{"start":{"line":140,"column":16},"end":{"line":140,"column":33}},"type":"cond-expr","locations":[{"start":{"line":140,"column":28},"end":{"line":140,"column":31}},{"start":{"line":140,"column":28},"end":{"line":140,"column":33}}]},"24":{"loc":{"start":{"line":140,"column":16},"end":{"line":140,"column":31}},"type":"binary-expr","locations":[{"start":{"line":140,"column":16},"end":{"line":140,"column":31}},{"start":{"line":140,"column":28},"end":{"line":140,"column":31}}]},"25":{"loc":{"start":{"line":141,"column":2},"end":{"line":143,"column":3}},"type":"if","locations":[{"start":{"line":141,"column":2},"end":{"line":143,"column":3}}]},"26":{"loc":{"start":{"line":148,"column":8},"end":{"line":148,"column":44}},"type":"cond-expr","locations":[{"start":{"line":148,"column":20},"end":{"line":148,"column":39}},{"start":{"line":148,"column":42},"end":{"line":148,"column":44}}]},"27":{"loc":{"start":{"line":149,"column":8},"end":{"line":149,"column":70}},"type":"cond-expr","locations":[{"start":{"line":149,"column":38},"end":{"line":149,"column":65}},{"start":{"line":149,"column":68},"end":{"line":149,"column":70}}]}},"s":{"0":1,"1":1,"2":1,"3":1,"4":1,"5":0,"6":0,"7":0,"8":0,"9":0,"10":0,"11":0,"12":0,"13":0,"14":0,"15":0,"16":0,"17":0,"18":0,"19":0,"20":0,"21":0,"22":0,"23":0,"24":0,"25":0,"26":0,"27":0,"28":0,"29":0,"30":0,"31":0,"32":0,"33":0,"34":0,"35":0,"36":0,"37":0,"38":0,"39":0,"40":0,"41":0,"42":0,"43":0,"44":0,"45":0,"46":0,"47":0,"48":0,"49":0,"50":0,"51":0,"52":0,"53":0,"54":0,"55":0,"56":0,"57":0,"58":0,"59":0,"60":0},"f":{"0":0,"1":0,"2":0,"3":0,"4":0,"5":0,"6":0,"7":0,"8":0,"9":0},"b":{"0":[0],"1":[0,0],"2":[0],"3":[0],"4":[0],"5":[0],"6":[0,0],"7":[0,0],"8":[0,0],"9":[0,0],"10":[0,0],"11":[0,0],"12":[0,0],"13":[0,0],"14":[0,0],"15":[0,0],"16":[0,0],"17":[0,0],"18":[0,0],"19":[0,0],"20":[0,0],"21":[0,0],"22":[0,0],"23":[0,0],"24":[0,0],"25":[0],"26":[0,0],"27":[0,0]}}
,"/Users/olegsemenko/botcow_assistance/src/backend/ciRunner.ts": {"path":"/Users/olegsemenko/botcow_assistance/src/backend/ciRunner.ts","statementMap":{"0":{"start":{"line":29,"column":0},"end":{"line":29,"column":7}},"1":{"start":{"line":200,"column":0},"end":{"line":200,"column":7}},"2":{"start":{"line":1,"column":0},"end":{"line":1,"column":null}},"3":{"start":{"line":9,"column":0},"end":{"line":9,"column":36}},"4":{"start":{"line":20,"column":19},"end":{"line":20,"column":41}},"5":{"start":{"line":21,"column":28},"end":{"line":21,"column":46}},"6":{"start":{"line":35,"column":22},"end":{"line":35,"column":53}},"7":{"start":{"line":36,"column":14},"end":{"line":36,"column":35}},"8":{"start":{"line":37,"column":15},"end":{"line":37,"column":63}},"9":{"start":{"line":39,"column":23},"end":{"line":39,"column":33}},"10":{"start":{"line":40,"column":22},"end":{"line":40,"column":48}},"11":{"start":{"line":43,"column":33},"end":{"line":43,"column":37}},"12":{"start":{"line":44,"column":2},"end":{"line":56,"column":3}},"13":{"start":{"line":45,"column":20},"end":{"line":45,"column":75}},"14":{"start":{"line":46,"column":4},"end":{"line":53,"column":5}},"15":{"start":{"line":52,"column":6},"end":{"line":52,"column":52}},"16":{"start":{"line":64,"column":6},"end":{"line":68,"column":4}},"17":{"start":{"line":69,"column":2},"end":{"line":71,"column":3}},"18":{"start":{"line":70,"column":4},"end":{"line":70,"column":43}},"19":{"start":{"line":73,"column":25},"end":{"line":73,"column":58}},"20":{"start":{"line":76,"column":34},"end":{"line":76,"column":38}},"21":{"start":{"line":78,"column":2},"end":{"line":132,"column":3}},"22":{"start":{"line":79,"column":24},"end":{"line":79,"column":26}},"23":{"start":{"line":80,"column":18},"end":{"line":80,"column":19}},"24":{"start":{"line":81,"column":20},"end":{"line":81,"column":22}},"25":{"start":{"line":83,"column":27},"end":{"line":83,"column":49}},"26":{"start":{"line":85,"column":4},"end":{"line":129,"column":5}},"27":{"start":{"line":86,"column":18},"end":{"line":92,"column":8}},"28":{"start":{"line":94,"column":19},"end":{"line":94,"column":33}},"29":{"start":{"line":97,"column":23},"end":{"line":97,"column":54}},"30":{"start":{"line":97,"column":47},"end":{"line":97,"column":53}},"31":{"start":{"line":99,"column":6},"end":{"line":105,"column":7}},"32":{"start":{"line":100,"column":22},"end":{"line":100,"column":91}},"33":{"start":{"line":100,"column":52},"end":{"line":100,"column":90}},"34":{"start":{"line":101,"column":8},"end":{"line":104,"column":9}},"35":{"start":{"line":103,"column":10},"end":{"line":103,"column":29}},"36":{"start":{"line":107,"column":6},"end":{"line":124,"column":7}},"37":{"start":{"line":109,"column":8},"end":{"line":117,"column":11}},"38":{"start":{"line":110,"column":21},"end":{"line":110,"column":53}},"39":{"start":{"line":111,"column":21},"end":{"line":111,"column":53}},"40":{"start":{"line":113,"column":21},"end":{"line":113,"column":50}},"41":{"start":{"line":114,"column":21},"end":{"line":114,"column":50}},"42":{"start":{"line":115,"column":10},"end":{"line":115,"column":40}},"43":{"start":{"line":115,"column":25},"end":{"line":115,"column":40}},"44":{"start":{"line":116,"column":10},"end":{"line":116,"column":25}},"45":{"start":{"line":119,"column":22},"end":{"line":119,"column":35}},"46":{"start":{"line":120,"column":8},"end":{"line":122,"column":9}},"47":{"start":{"line":121,"column":10},"end":{"line":121,"column":42}},"48":{"start":{"line":123,"column":8},"end":{"line":123,"column":14}},"49":{"start":{"line":126,"column":6},"end":{"line":126,"column":16}},"50":{"start":{"line":127,"column":21},"end":{"line":127,"column":78}},"51":{"start":{"line":128,"column":6},"end":{"line":128,"column":54}},"52":{"start":{"line":128,"column":31},"end":{"line":128,"column":52}},"53":{"start":{"line":134,"column":17},"end":{"line":141,"column":11}},"54":{"start":{"line":144,"column":33},"end":{"line":144,"column":40}},"55":{"start":{"line":146,"column":2},"end":{"line":183,"column":3}},"56":{"start":{"line":148,"column":36},"end":{"line":148,"column":38}},"57":{"start":{"line":149,"column":4},"end":{"line":155,"column":5}},"58":{"start":{"line":150,"column":18},"end":{"line":150,"column":70}},"59":{"start":{"line":151,"column":6},"end":{"line":151,"column":37}},"60":{"start":{"line":154,"column":6},"end":{"line":154,"column":15}},"61":{"start":{"line":157,"column":4},"end":{"line":157,"column":24}},"62":{"start":{"line":159,"column":4},"end":{"line":165,"column":7}},"63":{"start":{"line":167,"column":4},"end":{"line":167,"column":20}},"64":{"start":{"line":170,"column":4},"end":{"line":170,"column":13}},"65":{"start":{"line":171,"column":4},"end":{"line":181,"column":5}},"66":{"start":{"line":172,"column":6},"end":{"line":178,"column":9}},"67":{"start":{"line":182,"column":4},"end":{"line":182,"column":21}},"68":{"start":{"line":185,"column":34},"end":{"line":192,"column":4}},"69":{"start":{"line":194,"column":2},"end":{"line":194,"column":45}},"70":{"start":{"line":201,"column":2},"end":{"line":227,"column":3}},"71":{"start":{"line":202,"column":17},"end":{"line":202,"column":46}},"72":{"start":{"line":204,"column":23},"end":{"line":216,"column":6}},"73":{"start":{"line":217,"column":4},"end":{"line":217,"column":22}},"74":{"start":{"line":219,"column":19},"end":{"line":219,"column":30}},"75":{"start":{"line":220,"column":4},"end":{"line":222,"column":5}},"76":{"start":{"line":221,"column":6},"end":{"line":221,"column":102}},"77":{"start":{"line":223,"column":4},"end":{"line":225,"column":5}},"78":{"start":{"line":224,"column":6},"end":{"line":224,"column":99}},"79":{"start":{"line":226,"column":4},"end":{"line":226,"column":14}}},"fnMap":{"0":{"name":"runWorkflowAndTrack","decl":{"start":{"line":29,"column":22},"end":{"line":29,"column":41}},"loc":{"start":{"line":34,"column":1},"end":{"line":195,"column":1}}},"1":{"name":"(anonymous_1)","decl":{"start":{"line":97,"column":35},"end":{"line":97,"column":36}},"loc":{"start":{"line":97,"column":47},"end":{"line":97,"column":53}}},"2":{"name":"(anonymous_2)","decl":{"start":{"line":100,"column":40},"end":{"line":100,"column":41}},"loc":{"start":{"line":100,"column":52},"end":{"line":100,"column":90}}},"3":{"name":"(anonymous_3)","decl":{"start":{"line":109,"column":24},"end":{"line":109,"column":25}},"loc":{"start":{"line":109,"column":43},"end":{"line":117,"column":9}}},"4":{"name":"(anonymous_4)","decl":{"start":{"line":128,"column":24},"end":{"line":128,"column":25}},"loc":{"start":{"line":128,"column":31},"end":{"line":128,"column":52}}},"5":{"name":"getWorkflowRunStatus","decl":{"start":{"line":200,"column":22},"end":{"line":200,"column":42}},"loc":{"start":{"line":200,"column":82},"end":{"line":228,"column":1}}}},"branchMap":{"0":{"loc":{"start":{"line":35,"column":22},"end":{"line":35,"column":53}},"type":"cond-expr","locations":[{"start":{"line":35,"column":41},"end":{"line":35,"column":45}},{"start":{"line":35,"column":45},"end":{"line":35,"column":53}}]},"1":{"loc":{"start":{"line":35,"column":22},"end":{"line":35,"column":45}},"type":"binary-expr","locations":[{"start":{"line":35,"column":22},"end":{"line":35,"column":45}},{"start":{"line":35,"column":41},"end":{"line":35,"column":45}}]},"2":{"loc":{"start":{"line":36,"column":14},"end":{"line":36,"column":35}},"type":"cond-expr","locations":[{"start":{"line":36,"column":25},"end":{"line":36,"column":29}},{"start":{"line":36,"column":29},"end":{"line":36,"column":35}}]},"3":{"loc":{"start":{"line":36,"column":14},"end":{"line":36,"column":29}},"type":"binary-expr","locations":[{"start":{"line":36,"column":14},"end":{"line":36,"column":29}},{"start":{"line":36,"column":25},"end":{"line":36,"column":29}}]},"4":{"loc":{"start":{"line":37,"column":15},"end":{"line":37,"column":63}},"type":"cond-expr","locations":[{"start":{"line":37,"column":27},"end":{"line":37,"column":31}},{"start":{"line":37,"column":31},"end":{"line":37,"column":63}}]},"5":{"loc":{"start":{"line":37,"column":15},"end":{"line":37,"column":31}},"type":"binary-expr","locations":[{"start":{"line":37,"column":15},"end":{"line":37,"column":31}},{"start":{"line":37,"column":27},"end":{"line":37,"column":31}}]},"6":{"loc":{"start":{"line":46,"column":4},"end":{"line":53,"column":5}},"type":"if","locations":[{"start":{"line":46,"column":4},"end":{"line":53,"column":5}}]},"7":{"loc":{"start":{"line":47,"column":6},"end":{"line":50,"column":49}},"type":"binary-expr","locations":[{"start":{"line":47,"column":6},"end":{"line":47,"column":28}},{"start":{"line":48,"column":6},"end":{"line":48,"column":24}},{"start":{"line":49,"column":6},"end":{"line":49,"column":16}},{"start":{"line":50,"column":6},"end":{"line":50,"column":49}}]},"8":{"loc":{"start":{"line":69,"column":2},"end":{"line":71,"column":3}},"type":"if","locations":[{"start":{"line":69,"column":2},"end":{"line":71,"column":3}}]},"9":{"loc":{"start":{"line":94,"column":19},"end":{"line":94,"column":33}},"type":"binary-expr","locations":[{"start":{"line":94,"column":19},"end":{"line":94,"column":27}},{"start":{"line":94,"column":31},"end":{"line":94,"column":33}}]},"10":{"loc":{"start":{"line":99,"column":6},"end":{"line":105,"column":7}},"type":"if","locations":[{"start":{"line":99,"column":6},"end":{"line":105,"column":7}}]},"11":{"loc":{"start":{"line":100,"column":52},"end":{"line":100,"column":90}},"type":"binary-expr","locations":[{"start":{"line":100,"column":52},"end":{"line":100,"column":62}},{"start":{"line":100,"column":66},"end":{"line":100,"column":90}}]},"12":{"loc":{"start":{"line":101,"column":8},"end":{"line":104,"column":9}},"type":"if","locations":[{"start":{"line":101,"column":8},"end":{"line":104,"column":9}}]},"13":{"loc":{"start":{"line":107,"column":6},"end":{"line":124,"column":7}},"type":"if","locations":[{"start":{"line":107,"column":6},"end":{"line":124,"column":7}}]},"14":{"loc":{"start":{"line":115,"column":10},"end":{"line":115,"column":40}},"type":"if","locations":[{"start":{"line":115,"column":10},"end":{"line":115,"column":40}}]},"15":{"loc":{"start":{"line":120,"column":8},"end":{"line":122,"column":9}},"type":"if","locations":[{"start":{"line":120,"column":8},"end":{"line":122,"column":9}}]},"16":{"loc":{"start":{"line":120,"column":12},"end":{"line":120,"column":49}},"type":"binary-expr","locations":[{"start":{"line":120,"column":12},"end":{"line":120,"column":17}},{"start":{"line":120,"column":21},"end":{"line":120,"column":49}}]},"17":{"loc":{"start":{"line":139,"column":12},"end":{"line":139,"column":44}},"type":"cond-expr","locations":[{"start":{"line":139,"column":25},"end":{"line":139,"column":32}},{"start":{"line":139,"column":35},"end":{"line":139,"column":44}}]},"18":{"loc":{"start":{"line":151,"column":24},"end":{"line":151,"column":35}},"type":"binary-expr","locations":[{"start":{"line":151,"column":24},"end":{"line":151,"column":27}},{"start":{"line":151,"column":31},"end":{"line":151,"column":35}}]},"19":{"loc":{"start":{"line":162,"column":64},"end":{"line":162,"column":87}},"type":"cond-expr","locations":[{"start":{"line":162,"column":64},"end":{"line":162,"column":74}},{"start":{"line":162,"column":78},"end":{"line":162,"column":87}}]},"20":{"loc":{"start":{"line":162,"column":64},"end":{"line":162,"column":78}},"type":"binary-expr","locations":[{"start":{"line":162,"column":64},"end":{"line":162,"column":78}},{"start":{"line":162,"column":64},"end":{"line":162,"column":78}}]},"21":{"loc":{"start":{"line":219,"column":19},"end":{"line":219,"column":30}},"type":"cond-expr","locations":[{"start":{"line":219,"column":22},"end":{"line":219,"column":24}},{"start":{"line":219,"column":19},"end":{"line":219,"column":30}}]},"22":{"loc":{"start":{"line":219,"column":19},"end":{"line":219,"column":24}},"type":"binary-expr","locations":[{"start":{"line":219,"column":19},"end":{"line":219,"column":24}},{"start":{"line":219,"column":19},"end":{"line":219,"column":24}}]},"23":{"loc":{"start":{"line":220,"column":4},"end":{"line":222,"column":5}},"type":"if","locations":[{"start":{"line":220,"column":4},"end":{"line":222,"column":5}}]},"24":{"loc":{"start":{"line":220,"column":8},"end":{"line":220,"column":40}},"type":"binary-expr","locations":[{"start":{"line":220,"column":8},"end":{"line":220,"column":22}},{"start":{"line":220,"column":26},"end":{"line":220,"column":40}}]},"25":{"loc":{"start":{"line":223,"column":4},"end":{"line":225,"column":5}},"type":"if","locations":[{"start":{"line":223,"column":4},"end":{"line":225,"column":5}}]}},"s":{"0":2,"1":2,"2":2,"3":2,"4":2,"5":2,"6":0,"7":0,"8":0,"9":0,"10":0,"11":0,"12":0,"13":0,"14":0,"15":0,"16":0,"17":0,"18":0,"19":0,"20":0,"21":0,"22":0,"23":0,"24":0,"25":0,"26":0,"27":0,"28":0,"29":0,"30":0,"31":0,"32":0,"33":0,"34":0,"35":0,"36":0,"37":0,"38":0,"39":0,"40":0,"41":0,"42":0,"43":0,"44":0,"45":0,"46":0,"47":0,"48":0,"49":0,"50":0,"51":0,"52":0,"53":0,"54":0,"55":0,"56":0,"57":0,"58":0,"59":0,"60":0,"61":0,"62":0,"63":0,"64":0,"65":0,"66":0,"67":0,"68":0,"69":0,"70":0,"71":0,"72":0,"73":0,"74":0,"75":0,"76":0,"77":0,"78":0,"79":0},"f":{"0":0,"1":0,"2":0,"3":0,"4":0,"5":0},"b":{"0":[0,0],"1":[0,0],"2":[0,0],"3":[0,0],"4":[0,0],"5":[0,0],"6":[0],"7":[0,0,0,0],"8":[0],"9":[0,0],"10":[0],"11":[0,0],"12":[0],"13":[0],"14":[0],"15":[0],"16":[0,0],"17":[0,0],"18":[0,0],"19":[0,0],"20":[0,0],"21":[0,0],"22":[0,0],"23":[0],"24":[0,0],"25":[0]}}
,"/Users/olegsemenko/botcow_assistance/src/backend/ciStore.ts": {"path":"/Users/olegsemenko/botcow_assistance/src/backend/ciStore.ts","statementMap":{"0":{"start":{"line":17,"column":0},"end":{"line":17,"column":7}},"1":{"start":{"line":21,"column":0},"end":{"line":21,"column":7}},"2":{"start":{"line":1,"column":0},"end":{"line":1,"column":44}},"3":{"start":{"line":12,"column":2},"end":{"line":12,"column":30}},"4":{"start":{"line":15,"column":23},"end":{"line":15,"column":40}},"5":{"start":{"line":18,"column":2},"end":{"line":18,"column":75}},"6":{"start":{"line":22,"column":20},"end":{"line":22,"column":58}},"7":{"start":{"line":23,"column":2},"end":{"line":23,"column":35}},"8":{"start":{"line":23,"column":18},"end":{"line":23,"column":35}},"9":{"start":{"line":25,"column":32},"end":{"line":31,"column":4}},"10":{"start":{"line":33,"column":2},"end":{"line":33,"column":45}}},"fnMap":{"0":{"name":"keyForRepo","decl":{"start":{"line":11,"column":9},"end":{"line":11,"column":19}},"loc":{"start":{"line":11,"column":32},"end":{"line":13,"column":1}}},"1":{"name":"saveRun","decl":{"start":{"line":17,"column":22},"end":{"line":17,"column":29}},"loc":{"start":{"line":17,"column":63},"end":{"line":19,"column":1}}},"2":{"name":"getLastRun","decl":{"start":{"line":21,"column":22},"end":{"line":21,"column":32}},"loc":{"start":{"line":21,"column":45},"end":{"line":34,"column":1}}}},"branchMap":{"0":{"loc":{"start":{"line":23,"column":2},"end":{"line":23,"column":35}},"type":"if","locations":[{"start":{"line":23,"column":2},"end":{"line":23,"column":35}}]},"1":{"loc":{"start":{"line":26,"column":12},"end":{"line":26,"column":69}},"type":"cond-expr","locations":[{"start":{"line":26,"column":38},"end":{"line":26,"column":42}},{"start":{"line":26,"column":45},"end":{"line":26,"column":69}}]},"2":{"loc":{"start":{"line":26,"column":45},"end":{"line":26,"column":69}},"type":"cond-expr","locations":[{"start":{"line":26,"column":61},"end":{"line":26,"column":65}},{"start":{"line":26,"column":65},"end":{"line":26,"column":69}}]},"3":{"loc":{"start":{"line":26,"column":45},"end":{"line":26,"column":65}},"type":"binary-expr","locations":[{"start":{"line":26,"column":45},"end":{"line":26,"column":65}},{"start":{"line":26,"column":61},"end":{"line":26,"column":65}}]},"4":{"loc":{"start":{"line":30,"column":12},"end":{"line":30,"column":81}},"type":"cond-expr","locations":[{"start":{"line":30,"column":28},"end":{"line":30,"column":32}},{"start":{"line":30,"column":33},"end":{"line":30,"column":80}}]},"5":{"loc":{"start":{"line":30,"column":12},"end":{"line":30,"column":32}},"type":"binary-expr","locations":[{"start":{"line":30,"column":12},"end":{"line":30,"column":32}},{"start":{"line":30,"column":28},"end":{"line":30,"column":32}}]},"6":{"loc":{"start":{"line":30,"column":33},"end":{"line":30,"column":80}},"type":"cond-expr","locations":[{"start":{"line":30,"column":59},"end":{"line":30,"column":68}},{"start":{"line":30,"column":71},"end":{"line":30,"column":80}}]}},"s":{"0":2,"1":2,"2":2,"3":0,"4":2,"5":0,"6":0,"7":0,"8":0,"9":0,"10":0},"f":{"0":0,"1":0,"2":0},"b":{"0":[0],"1":[0,0],"2":[0,0],"3":[0,0],"4":[0,0],"5":[0,0],"6":[0,0]}}
,"/Users/olegsemenko/botcow_assistance/src/backend/github.ts": {"path":"/Users/olegsemenko/botcow_assistance/src/backend/github.ts","statementMap":{"0":{"start":{"line":21,"column":0},"end":{"line":21,"column":16}},"1":{"start":{"line":32,"column":0},"end":{"line":32,"column":16}},"2":{"start":{"line":37,"column":0},"end":{"line":37,"column":16}},"3":{"start":{"line":58,"column":0},"end":{"line":58,"column":16}},"4":{"start":{"line":243,"column":0},"end":{"line":243,"column":16}},"5":{"start":{"line":253,"column":0},"end":{"line":253,"column":7}},"6":{"start":{"line":277,"column":0},"end":{"line":277,"column":7}},"7":{"start":{"line":320,"column":0},"end":{"line":320,"column":7}},"8":{"start":{"line":362,"column":0},"end":{"line":362,"column":7}},"9":{"start":{"line":439,"column":0},"end":{"line":439,"column":7}},"10":{"start":{"line":471,"column":0},"end":{"line":471,"column":7}},"11":{"start":{"line":504,"column":0},"end":{"line":504,"column":7}},"12":{"start":{"line":561,"column":0},"end":{"line":561,"column":7}},"13":{"start":{"line":597,"column":0},"end":{"line":597,"column":7}},"14":{"start":{"line":632,"column":0},"end":{"line":632,"column":7}},"15":{"start":{"line":650,"column":0},"end":{"line":650,"column":7}},"16":{"start":{"line":668,"column":0},"end":{"line":668,"column":7}},"17":{"start":{"line":701,"column":0},"end":{"line":701,"column":7}},"18":{"start":{"line":717,"column":0},"end":{"line":717,"column":7}},"19":{"start":{"line":741,"column":0},"end":{"line":741,"column":7}},"20":{"start":{"line":759,"column":0},"end":{"line":759,"column":7}},"21":{"start":{"line":841,"column":0},"end":{"line":841,"column":7}},"22":{"start":{"line":871,"column":0},"end":{"line":871,"column":7}},"23":{"start":{"line":909,"column":0},"end":{"line":909,"column":7}},"24":{"start":{"line":1,"column":0},"end":{"line":1,"column":40}},"25":{"start":{"line":2,"column":0},"end":{"line":2,"column":73}},"26":{"start":{"line":3,"column":0},"end":{"line":3,"column":33}},"27":{"start":{"line":4,"column":0},"end":{"line":4,"column":44}},"28":{"start":{"line":6,"column":35},"end":{"line":6,"column":39}},"29":{"start":{"line":9,"column":43},"end":{"line":9,"column":47}},"30":{"start":{"line":12,"column":16},"end":{"line":12,"column":45}},"31":{"start":{"line":13,"column":2},"end":{"line":17,"column":3}},"32":{"start":{"line":16,"column":4},"end":{"line":16,"column":52}},"33":{"start":{"line":18,"column":2},"end":{"line":18,"column":15}},"34":{"start":{"line":22,"column":2},"end":{"line":22,"column":56}},"35":{"start":{"line":22,"column":28},"end":{"line":22,"column":56}},"36":{"start":{"line":23,"column":2},"end":{"line":23,"column":40}},"37":{"start":{"line":23,"column":20},"end":{"line":23,"column":40}},"38":{"start":{"line":24,"column":2},"end":{"line":24,"column":57}},"39":{"start":{"line":25,"column":2},"end":{"line":25,"column":22}},"40":{"start":{"line":33,"column":2},"end":{"line":33,"column":32}},"41":{"start":{"line":38,"column":2},"end":{"line":38,"column":30}},"42":{"start":{"line":43,"column":13},"end":{"line":51,"column":24}},"43":{"start":{"line":47,"column":21},"end":{"line":47,"column":45}},"44":{"start":{"line":48,"column":6},"end":{"line":48,"column":26}},"45":{"start":{"line":55,"column":2},"end":{"line":55,"column":36}},"46":{"start":{"line":59,"column":19},"end":{"line":59,"column":43}},"47":{"start":{"line":62,"column":2},"end":{"line":66,"column":3}},"48":{"start":{"line":63,"column":4},"end":{"line":65,"column":6}},"49":{"start":{"line":68,"column":28},"end":{"line":68,"column":47}},"50":{"start":{"line":69,"column":2},"end":{"line":71,"column":3}},"51":{"start":{"line":70,"column":4},"end":{"line":70,"column":49}},"52":{"start":{"line":72,"column":2},"end":{"line":72,"column":55}},"53":{"start":{"line":100,"column":2},"end":{"line":100,"column":65}},"54":{"start":{"line":100,"column":40},"end":{"line":100,"column":63}},"55":{"start":{"line":104,"column":12},"end":{"line":104,"column":61}},"56":{"start":{"line":105,"column":2},"end":{"line":105,"column":43}},"57":{"start":{"line":105,"column":27},"end":{"line":105,"column":43}},"58":{"start":{"line":106,"column":2},"end":{"line":106,"column":53}},"59":{"start":{"line":110,"column":2},"end":{"line":110,"column":39}},"60":{"start":{"line":119,"column":20},"end":{"line":119,"column":46}},"61":{"start":{"line":122,"column":27},"end":{"line":122,"column":56}},"62":{"start":{"line":123,"column":27},"end":{"line":123,"column":56}},"63":{"start":{"line":125,"column":10},"end":{"line":125,"column":19}},"64":{"start":{"line":126,"column":2},"end":{"line":128,"column":3}},"65":{"start":{"line":127,"column":4},"end":{"line":127,"column":44}},"66":{"start":{"line":129,"column":2},"end":{"line":131,"column":3}},"67":{"start":{"line":130,"column":4},"end":{"line":130,"column":30}},"68":{"start":{"line":133,"column":2},"end":{"line":133,"column":11}},"69":{"start":{"line":143,"column":2},"end":{"line":143,"column":33}},"70":{"start":{"line":143,"column":16},"end":{"line":143,"column":33}},"71":{"start":{"line":144,"column":16},"end":{"line":144,"column":34}},"72":{"start":{"line":145,"column":2},"end":{"line":145,"column":41}},"73":{"start":{"line":150,"column":4},"end":{"line":154,"column":11}},"74":{"start":{"line":155,"column":2},"end":{"line":155,"column":43}},"75":{"start":{"line":159,"column":21},"end":{"line":159,"column":22}},"76":{"start":{"line":160,"column":17},"end":{"line":160,"column":34}},"77":{"start":{"line":162,"column":2},"end":{"line":221,"column":3}},"78":{"start":{"line":162,"column":21},"end":{"line":162,"column":22}},"79":{"start":{"line":163,"column":4},"end":{"line":220,"column":5}},"80":{"start":{"line":164,"column":6},"end":{"line":168,"column":9}},"81":{"start":{"line":170,"column":21},"end":{"line":170,"column":61}},"82":{"start":{"line":171,"column":22},"end":{"line":171,"column":46}},"83":{"start":{"line":173,"column":27},"end":{"line":173,"column":75}},"84":{"start":{"line":174,"column":23},"end":{"line":174,"column":67}},"85":{"start":{"line":176,"column":8},"end":{"line":176,"column":82}},"86":{"start":{"line":178,"column":8},"end":{"line":178,"column":74}},"87":{"start":{"line":180,"column":34},"end":{"line":180,"column":67}},"88":{"start":{"line":181,"column":26},"end":{"line":181,"column":76}},"89":{"start":{"line":183,"column":6},"end":{"line":185,"column":7}},"90":{"start":{"line":184,"column":8},"end":{"line":184,"column":20}},"91":{"start":{"line":187,"column":6},"end":{"line":207,"column":7}},"92":{"start":{"line":188,"column":24},"end":{"line":188,"column":39}},"93":{"start":{"line":189,"column":20},"end":{"line":189,"column":30}},"94":{"start":{"line":190,"column":25},"end":{"line":190,"column":62}},"95":{"start":{"line":191,"column":23},"end":{"line":191,"column":60}},"96":{"start":{"line":194,"column":8},"end":{"line":203,"column":9}},"97":{"start":{"line":195,"column":10},"end":{"line":200,"column":13}},"98":{"start":{"line":205,"column":8},"end":{"line":205,"column":28}},"99":{"start":{"line":206,"column":8},"end":{"line":206,"column":17}},"100":{"start":{"line":210,"column":24},"end":{"line":210,"column":60}},"101":{"start":{"line":211,"column":6},"end":{"line":218,"column":7}},"102":{"start":{"line":212,"column":8},"end":{"line":215,"column":11}},"103":{"start":{"line":219,"column":6},"end":{"line":219,"column":29}},"104":{"start":{"line":224,"column":2},"end":{"line":224,"column":52}},"105":{"start":{"line":227,"column":28},"end":{"line":227,"column":42}},"106":{"start":{"line":228,"column":33},"end":{"line":228,"column":36}},"107":{"start":{"line":237,"column":23},"end":{"line":237,"column":75}},"108":{"start":{"line":244,"column":2},"end":{"line":244,"column":25}},"109":{"start":{"line":249,"column":15},"end":{"line":249,"column":60}},"110":{"start":{"line":250,"column":2},"end":{"line":250,"column":38}},"111":{"start":{"line":254,"column":17},"end":{"line":254,"column":34}},"112":{"start":{"line":255,"column":36},"end":{"line":255,"column":51}},"113":{"start":{"line":257,"column":64},"end":{"line":261,"column":4}},"114":{"start":{"line":263,"column":2},"end":{"line":265,"column":3}},"115":{"start":{"line":264,"column":5},"end":{"line":264,"column":30}},"116":{"start":{"line":267,"column":14},"end":{"line":267,"column":51}},"117":{"start":{"line":269,"column":2},"end":{"line":271,"column":3}},"118":{"start":{"line":270,"column":4},"end":{"line":270,"column":43}},"119":{"start":{"line":273,"column":14},"end":{"line":273,"column":70}},"120":{"start":{"line":274,"column":2},"end":{"line":274,"column":13}},"121":{"start":{"line":282,"column":17},"end":{"line":282,"column":34}},"122":{"start":{"line":283,"column":26},"end":{"line":283,"column":50}},"123":{"start":{"line":285,"column":12},"end":{"line":285,"column":24}},"124":{"start":{"line":287,"column":2},"end":{"line":290,"column":3}},"125":{"start":{"line":288,"column":21},"end":{"line":288,"column":60}},"126":{"start":{"line":289,"column":4},"end":{"line":289,"column":49}},"127":{"start":{"line":292,"column":18},"end":{"line":297,"column":4}},"128":{"start":{"line":299,"column":17},"end":{"line":299,"column":57}},"129":{"start":{"line":300,"column":16},"end":{"line":312,"column":7}},"130":{"start":{"line":301,"column":22},"end":{"line":301,"column":33}},"131":{"start":{"line":303,"column":6},"end":{"line":303,"column":81}},"132":{"start":{"line":305,"column":20},"end":{"line":312,"column":6}},"133":{"start":{"line":314,"column":2},"end":{"line":317,"column":4}},"134":{"start":{"line":325,"column":17},"end":{"line":325,"column":34}},"135":{"start":{"line":326,"column":26},"end":{"line":326,"column":50}},"136":{"start":{"line":327,"column":15},"end":{"line":327,"column":34}},"137":{"start":{"line":329,"column":64},"end":{"line":333,"column":4}},"138":{"start":{"line":335,"column":2},"end":{"line":337,"column":3}},"139":{"start":{"line":336,"column":5},"end":{"line":336,"column":38}},"140":{"start":{"line":339,"column":14},"end":{"line":339,"column":51}},"141":{"start":{"line":341,"column":2},"end":{"line":349,"column":3}},"142":{"start":{"line":342,"column":4},"end":{"line":348,"column":8}},"143":{"start":{"line":342,"column":35},"end":{"line":348,"column":6}},"144":{"start":{"line":351,"column":2},"end":{"line":359,"column":4}},"145":{"start":{"line":369,"column":26},"end":{"line":369,"column":49}},"146":{"start":{"line":371,"column":19},"end":{"line":371,"column":56}},"147":{"start":{"line":372,"column":15},"end":{"line":372,"column":46}},"148":{"start":{"line":374,"column":12},"end":{"line":378,"column":null}},"149":{"start":{"line":381,"column":19},"end":{"line":381,"column":61}},"150":{"start":{"line":382,"column":16},"end":{"line":382,"column":41}},"151":{"start":{"line":384,"column":17},"end":{"line":384,"column":75}},"152":{"start":{"line":385,"column":2},"end":{"line":395,"column":3}},"153":{"start":{"line":386,"column":4},"end":{"line":393,"column":5}},"154":{"start":{"line":387,"column":6},"end":{"line":390,"column":9}},"155":{"start":{"line":394,"column":4},"end":{"line":394,"column":23}},"156":{"start":{"line":397,"column":19},"end":{"line":397,"column":47}},"157":{"start":{"line":398,"column":2},"end":{"line":408,"column":3}},"158":{"start":{"line":399,"column":4},"end":{"line":406,"column":5}},"159":{"start":{"line":400,"column":6},"end":{"line":403,"column":9}},"160":{"start":{"line":407,"column":4},"end":{"line":407,"column":20}},"161":{"start":{"line":410,"column":18},"end":{"line":428,"column":6}},"162":{"start":{"line":411,"column":16},"end":{"line":411,"column":64}},"163":{"start":{"line":413,"column":44},"end":{"line":418,"column":7}},"164":{"start":{"line":413,"column":74},"end":{"line":418,"column":6}},"165":{"start":{"line":421,"column":4},"end":{"line":425,"column":6}},"166":{"start":{"line":427,"column":4},"end":{"line":427,"column":17}},"167":{"start":{"line":430,"column":2},"end":{"line":430,"column":40}},"168":{"start":{"line":432,"column":2},"end":{"line":436,"column":3}},"169":{"start":{"line":433,"column":4},"end":{"line":433,"column":25}},"170":{"start":{"line":435,"column":4},"end":{"line":435,"column":36}},"171":{"start":{"line":444,"column":17},"end":{"line":444,"column":34}},"172":{"start":{"line":445,"column":26},"end":{"line":445,"column":50}},"173":{"start":{"line":446,"column":17},"end":{"line":446,"column":32}},"174":{"start":{"line":447,"column":16},"end":{"line":447,"column":36}},"175":{"start":{"line":449,"column":65},"end":{"line":453,"column":4}},"176":{"start":{"line":455,"column":2},"end":{"line":457,"column":3}},"177":{"start":{"line":456,"column":5},"end":{"line":456,"column":33}},"178":{"start":{"line":459,"column":14},"end":{"line":459,"column":52}},"179":{"start":{"line":461,"column":2},"end":{"line":468,"column":6}},"180":{"start":{"line":461,"column":34},"end":{"line":468,"column":5}},"181":{"start":{"line":476,"column":17},"end":{"line":476,"column":34}},"182":{"start":{"line":477,"column":26},"end":{"line":477,"column":45}},"183":{"start":{"line":479,"column":18},"end":{"line":483,"column":4}},"184":{"start":{"line":485,"column":14},"end":{"line":485,"column":37}},"185":{"start":{"line":487,"column":2},"end":{"line":501,"column":3}},"186":{"start":{"line":488,"column":16},"end":{"line":493,"column":6}},"187":{"start":{"line":495,"column":4},"end":{"line":495,"column":20}},"188":{"start":{"line":497,"column":4},"end":{"line":499,"column":5}},"189":{"start":{"line":498,"column":6},"end":{"line":498,"column":82}},"190":{"start":{"line":500,"column":4},"end":{"line":500,"column":16}},"191":{"start":{"line":511,"column":17},"end":{"line":511,"column":34}},"192":{"start":{"line":512,"column":45},"end":{"line":512,"column":52}},"193":{"start":{"line":513,"column":26},"end":{"line":513,"column":49}},"194":{"start":{"line":517,"column":2},"end":{"line":532,"column":3}},"195":{"start":{"line":518,"column":16},"end":{"line":523,"column":6}},"196":{"start":{"line":525,"column":4},"end":{"line":527,"column":5}},"197":{"start":{"line":526,"column":6},"end":{"line":526,"column":34}},"198":{"start":{"line":529,"column":4},"end":{"line":531,"column":5}},"199":{"start":{"line":530,"column":6},"end":{"line":530,"column":18}},"200":{"start":{"line":534,"column":18},"end":{"line":534,"column":65}},"201":{"start":{"line":544,"column":6},"end":{"line":551,"column":4}},"202":{"start":{"line":553,"column":2},"end":{"line":555,"column":3}},"203":{"start":{"line":554,"column":4},"end":{"line":554,"column":21}},"204":{"start":{"line":557,"column":17},"end":{"line":557,"column":70}},"205":{"start":{"line":558,"column":2},"end":{"line":558,"column":21}},"206":{"start":{"line":567,"column":17},"end":{"line":567,"column":34}},"207":{"start":{"line":568,"column":26},"end":{"line":568,"column":49}},"208":{"start":{"line":570,"column":36},"end":{"line":570,"column":43}},"209":{"start":{"line":572,"column":14},"end":{"line":577,"column":4}},"210":{"start":{"line":579,"column":2},"end":{"line":581,"column":3}},"211":{"start":{"line":580,"column":4},"end":{"line":580,"column":63}},"212":{"start":{"line":583,"column":15},"end":{"line":583,"column":45}},"213":{"start":{"line":585,"column":17},"end":{"line":592,"column":4}},"214":{"start":{"line":594,"column":2},"end":{"line":594,"column":21}},"215":{"start":{"line":604,"column":17},"end":{"line":604,"column":34}},"216":{"start":{"line":605,"column":26},"end":{"line":605,"column":33}},"217":{"start":{"line":606,"column":15},"end":{"line":606,"column":37}},"218":{"start":{"line":607,"column":26},"end":{"line":607,"column":49}},"219":{"start":{"line":616,"column":6},"end":{"line":622,"column":4}},"220":{"start":{"line":624,"column":2},"end":{"line":626,"column":3}},"221":{"start":{"line":625,"column":4},"end":{"line":625,"column":31}},"222":{"start":{"line":628,"column":13},"end":{"line":628,"column":46}},"223":{"start":{"line":629,"column":2},"end":{"line":629,"column":17}},"224":{"start":{"line":637,"column":17},"end":{"line":637,"column":34}},"225":{"start":{"line":638,"column":26},"end":{"line":638,"column":49}},"226":{"start":{"line":640,"column":14},"end":{"line":645,"column":4}},"227":{"start":{"line":647,"column":2},"end":{"line":647,"column":18}},"228":{"start":{"line":655,"column":17},"end":{"line":655,"column":34}},"229":{"start":{"line":656,"column":26},"end":{"line":656,"column":49}},"230":{"start":{"line":658,"column":14},"end":{"line":663,"column":4}},"231":{"start":{"line":665,"column":2},"end":{"line":665,"column":18}},"232":{"start":{"line":674,"column":17},"end":{"line":674,"column":34}},"233":{"start":{"line":675,"column":22},"end":{"line":675,"column":53}},"234":{"start":{"line":676,"column":14},"end":{"line":676,"column":35}},"235":{"start":{"line":677,"column":26},"end":{"line":677,"column":49}},"236":{"start":{"line":685,"column":6},"end":{"line":690,"column":4}},"237":{"start":{"line":692,"column":2},"end":{"line":694,"column":3}},"238":{"start":{"line":693,"column":4},"end":{"line":693,"column":35}},"239":{"start":{"line":696,"column":2},"end":{"line":696,"column":54}},"240":{"start":{"line":698,"column":2},"end":{"line":698,"column":48}},"241":{"start":{"line":705,"column":17},"end":{"line":705,"column":34}},"242":{"start":{"line":706,"column":26},"end":{"line":706,"column":49}},"243":{"start":{"line":708,"column":14},"end":{"line":712,"column":4}},"244":{"start":{"line":714,"column":2},"end":{"line":714,"column":18}},"245":{"start":{"line":718,"column":17},"end":{"line":718,"column":34}},"246":{"start":{"line":719,"column":26},"end":{"line":719,"column":49}},"247":{"start":{"line":721,"column":14},"end":{"line":726,"column":4}},"248":{"start":{"line":728,"column":15},"end":{"line":736,"column":24}},"249":{"start":{"line":728,"column":53},"end":{"line":736,"column":24}},"250":{"start":{"line":738,"column":2},"end":{"line":738,"column":53}},"251":{"start":{"line":745,"column":17},"end":{"line":745,"column":34}},"252":{"start":{"line":746,"column":26},"end":{"line":746,"column":49}},"253":{"start":{"line":748,"column":14},"end":{"line":752,"column":4}},"254":{"start":{"line":754,"column":14},"end":{"line":754,"column":42}},"255":{"start":{"line":756,"column":2},"end":{"line":756,"column":73}},"256":{"start":{"line":783,"column":17},"end":{"line":783,"column":34}},"257":{"start":{"line":784,"column":65},"end":{"line":784,"column":69}},"258":{"start":{"line":785,"column":36},"end":{"line":785,"column":64}},"259":{"start":{"line":787,"column":2},"end":{"line":813,"column":3}},"260":{"start":{"line":788,"column":16},"end":{"line":796,"column":6}},"261":{"start":{"line":798,"column":17},"end":{"line":810,"column":7}},"262":{"start":{"line":798,"column":64},"end":{"line":810,"column":7}},"263":{"start":{"line":812,"column":4},"end":{"line":812,"column":55}},"264":{"start":{"line":815,"column":14},"end":{"line":822,"column":4}},"265":{"start":{"line":824,"column":15},"end":{"line":836,"column":5}},"266":{"start":{"line":824,"column":62},"end":{"line":836,"column":5}},"267":{"start":{"line":838,"column":2},"end":{"line":838,"column":53}},"268":{"start":{"line":848,"column":17},"end":{"line":848,"column":34}},"269":{"start":{"line":849,"column":26},"end":{"line":849,"column":49}},"270":{"start":{"line":851,"column":22},"end":{"line":855,"column":4}},"271":{"start":{"line":857,"column":2},"end":{"line":859,"column":3}},"272":{"start":{"line":858,"column":4},"end":{"line":858,"column":31}},"273":{"start":{"line":860,"column":2},"end":{"line":862,"column":3}},"274":{"start":{"line":861,"column":4},"end":{"line":861,"column":35}},"275":{"start":{"line":863,"column":2},"end":{"line":865,"column":3}},"276":{"start":{"line":864,"column":4},"end":{"line":864,"column":41}},"277":{"start":{"line":867,"column":14},"end":{"line":867,"column":48}},"278":{"start":{"line":868,"column":2},"end":{"line":868,"column":18}},"279":{"start":{"line":880,"column":17},"end":{"line":880,"column":34}},"280":{"start":{"line":881,"column":26},"end":{"line":881,"column":49}},"281":{"start":{"line":883,"column":22},"end":{"line":887,"column":4}},"282":{"start":{"line":889,"column":2},"end":{"line":891,"column":3}},"283":{"start":{"line":890,"column":4},"end":{"line":890,"column":33}},"284":{"start":{"line":892,"column":2},"end":{"line":894,"column":3}},"285":{"start":{"line":893,"column":4},"end":{"line":893,"column":31}},"286":{"start":{"line":895,"column":2},"end":{"line":897,"column":3}},"287":{"start":{"line":896,"column":4},"end":{"line":896,"column":33}},"288":{"start":{"line":898,"column":2},"end":{"line":900,"column":3}},"289":{"start":{"line":899,"column":4},"end":{"line":899,"column":35}},"290":{"start":{"line":901,"column":2},"end":{"line":903,"column":3}},"291":{"start":{"line":902,"column":4},"end":{"line":902,"column":41}},"292":{"start":{"line":905,"column":14},"end":{"line":905,"column":48}},"293":{"start":{"line":906,"column":2},"end":{"line":906,"column":18}},"294":{"start":{"line":915,"column":17},"end":{"line":915,"column":34}},"295":{"start":{"line":916,"column":26},"end":{"line":916,"column":50}},"296":{"start":{"line":918,"column":22},"end":{"line":923,"column":4}},"297":{"start":{"line":925,"column":2},"end":{"line":927,"column":3}},"298":{"start":{"line":926,"column":4},"end":{"line":926,"column":35}},"299":{"start":{"line":929,"column":14},"end":{"line":929,"column":53}},"300":{"start":{"line":931,"column":2},"end":{"line":939,"column":6}},"301":{"start":{"line":931,"column":33},"end":{"line":939,"column":5}},"302":{"start":{"line":936,"column":20},"end":{"line":936,"column":54}},"303":{"start":{"line":943,"column":13},"end":{"line":943,"column":56}}},"fnMap":{"0":{"name":"getGithubToken","decl":{"start":{"line":11,"column":9},"end":{"line":11,"column":23}},"loc":{"start":{"line":11,"column":23},"end":{"line":19,"column":1}}},"1":{"name":"getGithubClient","decl":{"start":{"line":21,"column":16},"end":{"line":21,"column":31}},"loc":{"start":{"line":21,"column":31},"end":{"line":26,"column":1}}},"2":{"name":"__setGithubClientForTests","decl":{"start":{"line":32,"column":16},"end":{"line":32,"column":41}},"loc":{"start":{"line":32,"column":57},"end":{"line":34,"column":1}}},"3":{"name":"__resetGithubClientForTests","decl":{"start":{"line":37,"column":16},"end":{"line":37,"column":43}},"loc":{"start":{"line":37,"column":43},"end":{"line":39,"column":1}}},"4":{"name":"(anonymous_4)","decl":{"start":{"line":46,"column":4},"end":{"line":46,"column":7}},"loc":{"start":{"line":46,"column":21},"end":{"line":49,"column":5}}},"5":{"name":"getDefaultRepo","decl":{"start":{"line":53,"column":9},"end":{"line":53,"column":23}},"loc":{"start":{"line":53,"column":23},"end":{"line":56,"column":1}}},"6":{"name":"parseRepo","decl":{"start":{"line":58,"column":16},"end":{"line":58,"column":25}},"loc":{"start":{"line":58,"column":39},"end":{"line":73,"column":1}}},"7":{"name":"sleep","decl":{"start":{"line":99,"column":9},"end":{"line":99,"column":14}},"loc":{"start":{"line":99,"column":25},"end":{"line":101,"column":1}}},"8":{"name":"(anonymous_8)","decl":{"start":{"line":100,"column":27},"end":{"line":100,"column":28}},"loc":{"start":{"line":100,"column":40},"end":{"line":100,"column":63}}},"9":{"name":"clampInt","decl":{"start":{"line":103,"column":9},"end":{"line":103,"column":17}},"loc":{"start":{"line":103,"column":76},"end":{"line":107,"column":1}}},"10":{"name":"normalizeQuery","decl":{"start":{"line":109,"column":9},"end":{"line":109,"column":23}},"loc":{"start":{"line":109,"column":33},"end":{"line":111,"column":1}}},"11":{"name":"buildSearchQuery","decl":{"start":{"line":113,"column":9},"end":{"line":113,"column":25}},"loc":{"start":{"line":118,"column":1},"end":{"line":134,"column":1}}},"12":{"name":"getHeaderValue","decl":{"start":{"line":142,"column":9},"end":{"line":142,"column":23}},"loc":{"start":{"line":142,"column":50},"end":{"line":146,"column":1}}},"13":{"name":"isSecondaryRateLimitError","decl":{"start":{"line":148,"column":9},"end":{"line":148,"column":34}},"loc":{"start":{"line":148,"column":45},"end":{"line":156,"column":1}}},"14":{"name":"searchCodeWithRetry","decl":{"start":{"line":158,"column":15},"end":{"line":158,"column":34}},"loc":{"start":{"line":158,"column":59},"end":{"line":225,"column":1}}},"15":{"name":"__resetSearchStateForTests","decl":{"start":{"line":243,"column":16},"end":{"line":243,"column":42}},"loc":{"start":{"line":243,"column":42},"end":{"line":245,"column":1}}},"16":{"name":"cacheKeyToKvKey","decl":{"start":{"line":247,"column":9},"end":{"line":247,"column":24}},"loc":{"start":{"line":247,"column":41},"end":{"line":251,"column":1}}},"17":{"name":"getFile","decl":{"start":{"line":253,"column":22},"end":{"line":253,"column":29}},"loc":{"start":{"line":253,"column":71},"end":{"line":275,"column":1}}},"18":{"name":"getRepoStructure","decl":{"start":{"line":277,"column":22},"end":{"line":277,"column":38}},"loc":{"start":{"line":281,"column":1},"end":{"line":318,"column":1}}},"19":{"name":"(anonymous_19)","decl":{"start":{"line":301,"column":12},"end":{"line":301,"column":13}},"loc":{"start":{"line":301,"column":22},"end":{"line":301,"column":33}}},"20":{"name":"(anonymous_20)","decl":{"start":{"line":302,"column":12},"end":{"line":302,"column":13}},"loc":{"start":{"line":303,"column":6},"end":{"line":303,"column":81}}},"21":{"name":"(anonymous_21)","decl":{"start":{"line":305,"column":9},"end":{"line":305,"column":10}},"loc":{"start":{"line":305,"column":20},"end":{"line":312,"column":6}}},"22":{"name":"listFiles","decl":{"start":{"line":320,"column":22},"end":{"line":320,"column":31}},"loc":{"start":{"line":324,"column":1},"end":{"line":360,"column":1}}},"23":{"name":"(anonymous_23)","decl":{"start":{"line":342,"column":24},"end":{"line":342,"column":25}},"loc":{"start":{"line":342,"column":35},"end":{"line":348,"column":6}}},"24":{"name":"searchInRepo","decl":{"start":{"line":362,"column":22},"end":{"line":362,"column":34}},"loc":{"start":{"line":368,"column":1},"end":{"line":437,"column":1}}},"25":{"name":"(anonymous_25)","decl":{"start":{"line":410,"column":19},"end":{"line":410,"column":24}},"loc":{"start":{"line":410,"column":30},"end":{"line":428,"column":3}}},"26":{"name":"(anonymous_26)","decl":{"start":{"line":413,"column":63},"end":{"line":413,"column":64}},"loc":{"start":{"line":413,"column":74},"end":{"line":418,"column":6}}},"27":{"name":"getRecentCommits","decl":{"start":{"line":439,"column":22},"end":{"line":439,"column":38}},"loc":{"start":{"line":443,"column":1},"end":{"line":469,"column":1}}},"28":{"name":"(anonymous_28)","decl":{"start":{"line":461,"column":22},"end":{"line":461,"column":23}},"loc":{"start":{"line":461,"column":33},"end":{"line":468,"column":5}}},"29":{"name":"createBranch","decl":{"start":{"line":471,"column":22},"end":{"line":471,"column":34}},"loc":{"start":{"line":474,"column":19},"end":{"line":502,"column":1}}},"30":{"name":"commitFile","decl":{"start":{"line":504,"column":22},"end":{"line":504,"column":32}},"loc":{"start":{"line":510,"column":1},"end":{"line":559,"column":1}}},"31":{"name":"deleteFile","decl":{"start":{"line":561,"column":22},"end":{"line":561,"column":32}},"loc":{"start":{"line":566,"column":1},"end":{"line":595,"column":1}}},"32":{"name":"createPullRequest","decl":{"start":{"line":597,"column":22},"end":{"line":597,"column":39}},"loc":{"start":{"line":603,"column":1},"end":{"line":630,"column":1}}},"33":{"name":"commentOnPullRequest","decl":{"start":{"line":632,"column":22},"end":{"line":632,"column":42}},"loc":{"start":{"line":636,"column":1},"end":{"line":648,"column":1}}},"34":{"name":"mergePullRequest","decl":{"start":{"line":650,"column":22},"end":{"line":650,"column":38}},"loc":{"start":{"line":654,"column":1},"end":{"line":666,"column":1}}},"35":{"name":"runWorkflow","decl":{"start":{"line":668,"column":22},"end":{"line":668,"column":33}},"loc":{"start":{"line":673,"column":1},"end":{"line":699,"column":1}}},"36":{"name":"getWorkflowStatus","decl":{"start":{"line":701,"column":22},"end":{"line":701,"column":39}},"loc":{"start":{"line":704,"column":1},"end":{"line":715,"column":1}}},"37":{"name":"listWorkflowRunJobs","decl":{"start":{"line":717,"column":22},"end":{"line":717,"column":41}},"loc":{"start":{"line":717,"column":84},"end":{"line":739,"column":1}}},"38":{"name":"(anonymous_38)","decl":{"start":{"line":728,"column":41},"end":{"line":728,"column":42}},"loc":{"start":{"line":728,"column":52},"end":{"line":736,"column":24}}},"39":{"name":"downloadWorkflowRunLogs","decl":{"start":{"line":741,"column":22},"end":{"line":741,"column":45}},"loc":{"start":{"line":744,"column":1},"end":{"line":757,"column":1}}},"40":{"name":"listWorkflowRunsForRepo","decl":{"start":{"line":759,"column":22},"end":{"line":759,"column":45}},"loc":{"start":{"line":782,"column":1},"end":{"line":839,"column":1}}},"41":{"name":"(anonymous_41)","decl":{"start":{"line":798,"column":52},"end":{"line":798,"column":53}},"loc":{"start":{"line":798,"column":63},"end":{"line":810,"column":7}}},"42":{"name":"(anonymous_42)","decl":{"start":{"line":824,"column":50},"end":{"line":824,"column":51}},"loc":{"start":{"line":824,"column":61},"end":{"line":836,"column":5}}},"43":{"name":"createIssue","decl":{"start":{"line":841,"column":22},"end":{"line":841,"column":33}},"loc":{"start":{"line":847,"column":1},"end":{"line":869,"column":1}}},"44":{"name":"updateIssue","decl":{"start":{"line":871,"column":22},"end":{"line":871,"column":33}},"loc":{"start":{"line":879,"column":1},"end":{"line":907,"column":1}}},"45":{"name":"listIssues","decl":{"start":{"line":909,"column":22},"end":{"line":909,"column":32}},"loc":{"start":{"line":914,"column":1},"end":{"line":940,"column":1}}},"46":{"name":"(anonymous_46)","decl":{"start":{"line":931,"column":22},"end":{"line":931,"column":23}},"loc":{"start":{"line":931,"column":32},"end":{"line":939,"column":5}}},"47":{"name":"(anonymous_47)","decl":{"start":{"line":936,"column":12},"end":{"line":936,"column":13}},"loc":{"start":{"line":936,"column":20},"end":{"line":936,"column":54}}}},"branchMap":{"0":{"loc":{"start":{"line":13,"column":2},"end":{"line":17,"column":3}},"type":"if","locations":[{"start":{"line":13,"column":2},"end":{"line":17,"column":3}}]},"1":{"loc":{"start":{"line":22,"column":2},"end":{"line":22,"column":56}},"type":"if","locations":[{"start":{"line":22,"column":2},"end":{"line":22,"column":56}}]},"2":{"loc":{"start":{"line":23,"column":2},"end":{"line":23,"column":40}},"type":"if","locations":[{"start":{"line":23,"column":2},"end":{"line":23,"column":40}}]},"3":{"loc":{"start":{"line":59,"column":19},"end":{"line":59,"column":43}},"type":"cond-expr","locations":[{"start":{"line":59,"column":19},"end":{"line":59,"column":23}},{"start":{"line":59,"column":27},"end":{"line":59,"column":43}}]},"4":{"loc":{"start":{"line":59,"column":19},"end":{"line":59,"column":27}},"type":"binary-expr","locations":[{"start":{"line":59,"column":19},"end":{"line":59,"column":27}},{"start":{"line":59,"column":19},"end":{"line":59,"column":27}}]},"5":{"loc":{"start":{"line":62,"column":2},"end":{"line":66,"column":3}},"type":"if","locations":[{"start":{"line":62,"column":2},"end":{"line":66,"column":3}}]},"6":{"loc":{"start":{"line":69,"column":2},"end":{"line":71,"column":3}},"type":"if","locations":[{"start":{"line":69,"column":2},"end":{"line":71,"column":3}}]},"7":{"loc":{"start":{"line":69,"column":6},"end":{"line":69,"column":25}},"type":"binary-expr","locations":[{"start":{"line":69,"column":6},"end":{"line":69,"column":12}},{"start":{"line":69,"column":16},"end":{"line":69,"column":25}}]},"8":{"loc":{"start":{"line":104,"column":12},"end":{"line":104,"column":61}},"type":"cond-expr","locations":[{"start":{"line":104,"column":40},"end":{"line":104,"column":45}},{"start":{"line":104,"column":48},"end":{"line":104,"column":61}}]},"9":{"loc":{"start":{"line":105,"column":2},"end":{"line":105,"column":43}},"type":"if","locations":[{"start":{"line":105,"column":2},"end":{"line":105,"column":43}}]},"10":{"loc":{"start":{"line":126,"column":2},"end":{"line":128,"column":3}},"type":"if","locations":[{"start":{"line":126,"column":2},"end":{"line":128,"column":3}}]},"11":{"loc":{"start":{"line":129,"column":2},"end":{"line":131,"column":3}},"type":"if","locations":[{"start":{"line":129,"column":2},"end":{"line":131,"column":3}}]},"12":{"loc":{"start":{"line":129,"column":6},"end":{"line":129,"column":36}},"type":"binary-expr","locations":[{"start":{"line":129,"column":6},"end":{"line":129,"column":15}},{"start":{"line":129,"column":19},"end":{"line":129,"column":36}}]},"13":{"loc":{"start":{"line":143,"column":2},"end":{"line":143,"column":33}},"type":"if","locations":[{"start":{"line":143,"column":2},"end":{"line":143,"column":33}}]},"14":{"loc":{"start":{"line":145,"column":9},"end":{"line":145,"column":40}},"type":"cond-expr","locations":[{"start":{"line":145,"column":22},"end":{"line":145,"column":26}},{"start":{"line":145,"column":26},"end":{"line":145,"column":40}}]},"15":{"loc":{"start":{"line":145,"column":9},"end":{"line":145,"column":26}},"type":"binary-expr","locations":[{"start":{"line":145,"column":9},"end":{"line":145,"column":26}},{"start":{"line":145,"column":22},"end":{"line":145,"column":26}}]},"16":{"loc":{"start":{"line":150,"column":5},"end":{"line":150,"column":60}},"type":"cond-expr","locations":[{"start":{"line":150,"column":42},"end":{"line":150,"column":55}},{"start":{"line":150,"column":58},"end":{"line":150,"column":60}}]},"17":{"loc":{"start":{"line":150,"column":12},"end":{"line":150,"column":26}},"type":"cond-expr","locations":[{"start":{"line":150,"column":17},"end":{"line":150,"column":19}},{"start":{"line":150,"column":12},"end":{"line":150,"column":26}}]},"18":{"loc":{"start":{"line":150,"column":12},"end":{"line":150,"column":19}},"type":"binary-expr","locations":[{"start":{"line":150,"column":12},"end":{"line":150,"column":19}},{"start":{"line":150,"column":12},"end":{"line":150,"column":19}}]},"19":{"loc":{"start":{"line":152,"column":5},"end":{"line":154,"column":10}},"type":"cond-expr","locations":[{"start":{"line":153,"column":8},"end":{"line":153,"column":35}},{"start":{"line":154,"column":8},"end":{"line":154,"column":10}}]},"20":{"loc":{"start":{"line":152,"column":12},"end":{"line":152,"column":42}},"type":"cond-expr","locations":[{"start":{"line":152,"column":33},"end":{"line":152,"column":35}},{"start":{"line":152,"column":33},"end":{"line":152,"column":42}}]},"21":{"loc":{"start":{"line":152,"column":12},"end":{"line":152,"column":35}},"type":"binary-expr","locations":[{"start":{"line":152,"column":12},"end":{"line":152,"column":35}},{"start":{"line":152,"column":33},"end":{"line":152,"column":35}}]},"22":{"loc":{"start":{"line":152,"column":12},"end":{"line":152,"column":33}},"type":"cond-expr","locations":[{"start":{"line":152,"column":27},"end":{"line":152,"column":29}},{"start":{"line":152,"column":27},"end":{"line":152,"column":33}}]},"23":{"loc":{"start":{"line":152,"column":12},"end":{"line":152,"column":29}},"type":"binary-expr","locations":[{"start":{"line":152,"column":12},"end":{"line":152,"column":29}},{"start":{"line":152,"column":27},"end":{"line":152,"column":29}}]},"24":{"loc":{"start":{"line":152,"column":12},"end":{"line":152,"column":27}},"type":"cond-expr","locations":[{"start":{"line":152,"column":17},"end":{"line":152,"column":19}},{"start":{"line":152,"column":12},"end":{"line":152,"column":27}}]},"25":{"loc":{"start":{"line":152,"column":12},"end":{"line":152,"column":19}},"type":"binary-expr","locations":[{"start":{"line":152,"column":12},"end":{"line":152,"column":19}},{"start":{"line":152,"column":12},"end":{"line":152,"column":19}}]},"26":{"loc":{"start":{"line":170,"column":21},"end":{"line":170,"column":61}},"type":"cond-expr","locations":[{"start":{"line":170,"column":34},"end":{"line":170,"column":38}},{"start":{"line":170,"column":38},"end":{"line":170,"column":61}}]},"27":{"loc":{"start":{"line":170,"column":21},"end":{"line":170,"column":38}},"type":"binary-expr","locations":[{"start":{"line":170,"column":21},"end":{"line":170,"column":38}},{"start":{"line":170,"column":34},"end":{"line":170,"column":38}}]},"28":{"loc":{"start":{"line":170,"column":21},"end":{"line":170,"column":34}},"type":"cond-expr","locations":[{"start":{"line":170,"column":26},"end":{"line":170,"column":28}},{"start":{"line":170,"column":21},"end":{"line":170,"column":34}}]},"29":{"loc":{"start":{"line":170,"column":21},"end":{"line":170,"column":28}},"type":"binary-expr","locations":[{"start":{"line":170,"column":21},"end":{"line":170,"column":28}},{"start":{"line":170,"column":21},"end":{"line":170,"column":28}}]},"30":{"loc":{"start":{"line":170,"column":38},"end":{"line":170,"column":61}},"type":"cond-expr","locations":[{"start":{"line":170,"column":53},"end":{"line":170,"column":55}},{"start":{"line":170,"column":53},"end":{"line":170,"column":61}}]},"31":{"loc":{"start":{"line":170,"column":38},"end":{"line":170,"column":55}},"type":"binary-expr","locations":[{"start":{"line":170,"column":38},"end":{"line":170,"column":55}},{"start":{"line":170,"column":53},"end":{"line":170,"column":55}}]},"32":{"loc":{"start":{"line":170,"column":38},"end":{"line":170,"column":53}},"type":"cond-expr","locations":[{"start":{"line":170,"column":43},"end":{"line":170,"column":45}},{"start":{"line":170,"column":38},"end":{"line":170,"column":53}}]},"33":{"loc":{"start":{"line":170,"column":38},"end":{"line":170,"column":45}},"type":"binary-expr","locations":[{"start":{"line":170,"column":38},"end":{"line":170,"column":45}},{"start":{"line":170,"column":38},"end":{"line":170,"column":45}}]},"34":{"loc":{"start":{"line":171,"column":22},"end":{"line":171,"column":46}},"type":"cond-expr","locations":[{"start":{"line":171,"column":37},"end":{"line":171,"column":39}},{"start":{"line":171,"column":37},"end":{"line":171,"column":46}}]},"35":{"loc":{"start":{"line":171,"column":22},"end":{"line":171,"column":39}},"type":"binary-expr","locations":[{"start":{"line":171,"column":22},"end":{"line":171,"column":39}},{"start":{"line":171,"column":37},"end":{"line":171,"column":39}}]},"36":{"loc":{"start":{"line":171,"column":22},"end":{"line":171,"column":37}},"type":"cond-expr","locations":[{"start":{"line":171,"column":27},"end":{"line":171,"column":29}},{"start":{"line":171,"column":22},"end":{"line":171,"column":37}}]},"37":{"loc":{"start":{"line":171,"column":22},"end":{"line":171,"column":29}},"type":"binary-expr","locations":[{"start":{"line":171,"column":22},"end":{"line":171,"column":29}},{"start":{"line":171,"column":22},"end":{"line":171,"column":29}}]},"38":{"loc":{"start":{"line":176,"column":8},"end":{"line":176,"column":82}},"type":"cond-expr","locations":[{"start":{"line":176,"column":37},"end":{"line":176,"column":70}},{"start":{"line":176,"column":73},"end":{"line":176,"column":82}}]},"39":{"loc":{"start":{"line":178,"column":8},"end":{"line":178,"column":74}},"type":"cond-expr","locations":[{"start":{"line":178,"column":33},"end":{"line":178,"column":62}},{"start":{"line":178,"column":65},"end":{"line":178,"column":74}}]},"40":{"loc":{"start":{"line":180,"column":34},"end":{"line":180,"column":67}},"type":"binary-expr","locations":[{"start":{"line":180,"column":34},"end":{"line":180,"column":48}},{"start":{"line":180,"column":52},"end":{"line":180,"column":67}}]},"41":{"loc":{"start":{"line":181,"column":26},"end":{"line":181,"column":76}},"type":"binary-expr","locations":[{"start":{"line":181,"column":26},"end":{"line":181,"column":40}},{"start":{"line":181,"column":44},"end":{"line":181,"column":76}}]},"42":{"loc":{"start":{"line":183,"column":6},"end":{"line":185,"column":7}},"type":"if","locations":[{"start":{"line":183,"column":6},"end":{"line":185,"column":7}}]},"43":{"loc":{"start":{"line":183,"column":10},"end":{"line":183,"column":73}},"type":"binary-expr","locations":[{"start":{"line":183,"column":10},"end":{"line":183,"column":31}},{"start":{"line":183,"column":36},"end":{"line":183,"column":56}},{"start":{"line":183,"column":60},"end":{"line":183,"column":72}}]},"44":{"loc":{"start":{"line":187,"column":6},"end":{"line":207,"column":7}},"type":"if","locations":[{"start":{"line":187,"column":6},"end":{"line":207,"column":7}}]},"45":{"loc":{"start":{"line":187,"column":10},"end":{"line":187,"column":41}},"type":"binary-expr","locations":[{"start":{"line":187,"column":10},"end":{"line":187,"column":29}},{"start":{"line":187,"column":33},"end":{"line":187,"column":41}}]},"46":{"loc":{"start":{"line":263,"column":2},"end":{"line":265,"column":3}},"type":"if","locations":[{"start":{"line":263,"column":2},"end":{"line":265,"column":3}}]},"47":{"loc":{"start":{"line":269,"column":2},"end":{"line":271,"column":3}},"type":"if","locations":[{"start":{"line":269,"column":2},"end":{"line":271,"column":3}}]},"48":{"loc":{"start":{"line":283,"column":36},"end":{"line":283,"column":49}},"type":"cond-expr","locations":[{"start":{"line":283,"column":43},"end":{"line":283,"column":45}},{"start":{"line":283,"column":36},"end":{"line":283,"column":49}}]},"49":{"loc":{"start":{"line":283,"column":36},"end":{"line":283,"column":45}},"type":"binary-expr","locations":[{"start":{"line":283,"column":36},"end":{"line":283,"column":45}},{"start":{"line":283,"column":36},"end":{"line":283,"column":45}}]},"50":{"loc":{"start":{"line":285,"column":12},"end":{"line":285,"column":24}},"type":"cond-expr","locations":[{"start":{"line":285,"column":19},"end":{"line":285,"column":21}},{"start":{"line":285,"column":12},"end":{"line":285,"column":24}}]},"51":{"loc":{"start":{"line":285,"column":12},"end":{"line":285,"column":21}},"type":"binary-expr","locations":[{"start":{"line":285,"column":12},"end":{"line":285,"column":21}},{"start":{"line":285,"column":12},"end":{"line":285,"column":21}}]},"52":{"loc":{"start":{"line":287,"column":2},"end":{"line":290,"column":3}},"type":"if","locations":[{"start":{"line":287,"column":2},"end":{"line":290,"column":3}}]},"53":{"loc":{"start":{"line":289,"column":10},"end":{"line":289,"column":48}},"type":"binary-expr","locations":[{"start":{"line":289,"column":10},"end":{"line":289,"column":38}},{"start":{"line":289,"column":42},"end":{"line":289,"column":48}}]},"54":{"loc":{"start":{"line":299,"column":17},"end":{"line":299,"column":57}},"type":"cond-expr","locations":[{"start":{"line":299,"column":36},"end":{"line":299,"column":38}},{"start":{"line":299,"column":36},"end":{"line":299,"column":57}}]},"55":{"loc":{"start":{"line":299,"column":17},"end":{"line":299,"column":38}},"type":"binary-expr","locations":[{"start":{"line":299,"column":17},"end":{"line":299,"column":38}},{"start":{"line":299,"column":36},"end":{"line":299,"column":38}}]},"56":{"loc":{"start":{"line":299,"column":17},"end":{"line":299,"column":36}},"type":"cond-expr","locations":[{"start":{"line":299,"column":24},"end":{"line":299,"column":26}},{"start":{"line":299,"column":17},"end":{"line":299,"column":36}}]},"57":{"loc":{"start":{"line":299,"column":17},"end":{"line":299,"column":26}},"type":"binary-expr","locations":[{"start":{"line":299,"column":17},"end":{"line":299,"column":26}},{"start":{"line":299,"column":17},"end":{"line":299,"column":26}}]},"58":{"loc":{"start":{"line":300,"column":17},"end":{"line":300,"column":40}},"type":"binary-expr","locations":[{"start":{"line":300,"column":17},"end":{"line":300,"column":34}},{"start":{"line":300,"column":38},"end":{"line":300,"column":40}}]},"59":{"loc":{"start":{"line":303,"column":6},"end":{"line":303,"column":81}},"type":"cond-expr","locations":[{"start":{"line":303,"column":15},"end":{"line":303,"column":74}},{"start":{"line":303,"column":77},"end":{"line":303,"column":81}}]},"60":{"loc":{"start":{"line":303,"column":15},"end":{"line":303,"column":74}},"type":"binary-expr","locations":[{"start":{"line":303,"column":15},"end":{"line":303,"column":50}},{"start":{"line":303,"column":54},"end":{"line":303,"column":74}}]},"61":{"loc":{"start":{"line":326,"column":36},"end":{"line":326,"column":49}},"type":"cond-expr","locations":[{"start":{"line":326,"column":43},"end":{"line":326,"column":45}},{"start":{"line":326,"column":36},"end":{"line":326,"column":49}}]},"62":{"loc":{"start":{"line":326,"column":36},"end":{"line":326,"column":45}},"type":"binary-expr","locations":[{"start":{"line":326,"column":36},"end":{"line":326,"column":45}},{"start":{"line":326,"column":36},"end":{"line":326,"column":45}}]},"63":{"loc":{"start":{"line":327,"column":15},"end":{"line":327,"column":34}},"type":"cond-expr","locations":[{"start":{"line":327,"column":28},"end":{"line":327,"column":32}},{"start":{"line":327,"column":32},"end":{"line":327,"column":34}}]},"64":{"loc":{"start":{"line":327,"column":15},"end":{"line":327,"column":32}},"type":"binary-expr","locations":[{"start":{"line":327,"column":15},"end":{"line":327,"column":32}},{"start":{"line":327,"column":28},"end":{"line":327,"column":32}}]},"65":{"loc":{"start":{"line":327,"column":15},"end":{"line":327,"column":28}},"type":"cond-expr","locations":[{"start":{"line":327,"column":22},"end":{"line":327,"column":24}},{"start":{"line":327,"column":15},"end":{"line":327,"column":28}}]},"66":{"loc":{"start":{"line":327,"column":15},"end":{"line":327,"column":24}},"type":"binary-expr","locations":[{"start":{"line":327,"column":15},"end":{"line":327,"column":24}},{"start":{"line":327,"column":15},"end":{"line":327,"column":24}}]},"67":{"loc":{"start":{"line":335,"column":2},"end":{"line":337,"column":3}},"type":"if","locations":[{"start":{"line":335,"column":2},"end":{"line":337,"column":3}}]},"68":{"loc":{"start":{"line":335,"column":6},"end":{"line":335,"column":18}},"type":"cond-expr","locations":[{"start":{"line":335,"column":13},"end":{"line":335,"column":15}},{"start":{"line":335,"column":6},"end":{"line":335,"column":18}}]},"69":{"loc":{"start":{"line":335,"column":6},"end":{"line":335,"column":15}},"type":"binary-expr","locations":[{"start":{"line":335,"column":6},"end":{"line":335,"column":15}},{"start":{"line":335,"column":6},"end":{"line":335,"column":15}}]},"70":{"loc":{"start":{"line":341,"column":2},"end":{"line":349,"column":3}},"type":"if","locations":[{"start":{"line":341,"column":2},"end":{"line":349,"column":3}}]},"71":{"loc":{"start":{"line":356,"column":12},"end":{"line":356,"column":58}},"type":"cond-expr","locations":[{"start":{"line":356,"column":33},"end":{"line":356,"column":46}},{"start":{"line":356,"column":49},"end":{"line":356,"column":58}}]},"72":{"loc":{"start":{"line":357,"column":11},"end":{"line":357,"column":55}},"type":"cond-expr","locations":[{"start":{"line":357,"column":31},"end":{"line":357,"column":43}},{"start":{"line":357,"column":46},"end":{"line":357,"column":55}}]},"73":{"loc":{"start":{"line":378,"column":8},"end":{"line":378,"column":50}},"type":"cond-expr","locations":[{"start":{"line":378,"column":23},"end":{"line":378,"column":45}},{"start":{"line":378,"column":48},"end":{"line":378,"column":50}}]},"74":{"loc":{"start":{"line":385,"column":2},"end":{"line":395,"column":3}},"type":"if","locations":[{"start":{"line":385,"column":2},"end":{"line":395,"column":3}}]},"75":{"loc":{"start":{"line":385,"column":6},"end":{"line":385,"column":18}},"type":"cond-expr","locations":[{"start":{"line":385,"column":12},"end":{"line":385,"column":14}},{"start":{"line":385,"column":6},"end":{"line":385,"column":18}}]},"76":{"loc":{"start":{"line":385,"column":6},"end":{"line":385,"column":14}},"type":"binary-expr","locations":[{"start":{"line":385,"column":6},"end":{"line":385,"column":14}},{"start":{"line":385,"column":6},"end":{"line":385,"column":14}}]},"77":{"loc":{"start":{"line":398,"column":2},"end":{"line":408,"column":3}},"type":"if","locations":[{"start":{"line":398,"column":2},"end":{"line":408,"column":3}}]},"78":{"loc":{"start":{"line":445,"column":36},"end":{"line":445,"column":49}},"type":"cond-expr","locations":[{"start":{"line":445,"column":43},"end":{"line":445,"column":45}},{"start":{"line":445,"column":36},"end":{"line":445,"column":49}}]},"79":{"loc":{"start":{"line":445,"column":36},"end":{"line":445,"column":45}},"type":"binary-expr","locations":[{"start":{"line":445,"column":36},"end":{"line":445,"column":45}},{"start":{"line":445,"column":36},"end":{"line":445,"column":45}}]},"80":{"loc":{"start":{"line":446,"column":17},"end":{"line":446,"column":32}},"type":"cond-expr","locations":[{"start":{"line":446,"column":24},"end":{"line":446,"column":26}},{"start":{"line":446,"column":17},"end":{"line":446,"column":32}}]},"81":{"loc":{"start":{"line":446,"column":17},"end":{"line":446,"column":26}},"type":"binary-expr","locations":[{"start":{"line":446,"column":17},"end":{"line":446,"column":26}},{"start":{"line":446,"column":17},"end":{"line":446,"column":26}}]},"82":{"loc":{"start":{"line":447,"column":16},"end":{"line":447,"column":36}},"type":"cond-expr","locations":[{"start":{"line":447,"column":30},"end":{"line":447,"column":34}},{"start":{"line":447,"column":34},"end":{"line":447,"column":36}}]},"83":{"loc":{"start":{"line":447,"column":16},"end":{"line":447,"column":34}},"type":"binary-expr","locations":[{"start":{"line":447,"column":16},"end":{"line":447,"column":34}},{"start":{"line":447,"column":30},"end":{"line":447,"column":34}}]},"84":{"loc":{"start":{"line":447,"column":16},"end":{"line":447,"column":30}},"type":"cond-expr","locations":[{"start":{"line":447,"column":23},"end":{"line":447,"column":25}},{"start":{"line":447,"column":16},"end":{"line":447,"column":30}}]},"85":{"loc":{"start":{"line":447,"column":16},"end":{"line":447,"column":25}},"type":"binary-expr","locations":[{"start":{"line":447,"column":16},"end":{"line":447,"column":25}},{"start":{"line":447,"column":16},"end":{"line":447,"column":25}}]},"86":{"loc":{"start":{"line":455,"column":2},"end":{"line":457,"column":3}},"type":"if","locations":[{"start":{"line":455,"column":2},"end":{"line":457,"column":3}}]},"87":{"loc":{"start":{"line":463,"column":12},"end":{"line":463,"column":38}},"type":"cond-expr","locations":[{"start":{"line":463,"column":32},"end":{"line":463,"column":34}},{"start":{"line":463,"column":32},"end":{"line":463,"column":38}}]},"88":{"loc":{"start":{"line":463,"column":12},"end":{"line":463,"column":34}},"type":"binary-expr","locations":[{"start":{"line":463,"column":12},"end":{"line":463,"column":34
[...]
,"/Users/olegsemenko/botcow_assistance/src/backend/tools/index.ts": {"path":"/Users/olegsemenko/botcow_assistance/src/backend/tools/index.ts","statementMap":{"0":{"start":{"line":1,"column":0},"end":{"line":1,"column":71}},"1":{"start":{"line":2,"column":0},"end":{"line":2,"column":71}},"2":{"start":{"line":3,"column":0},"end":{"line":3,"column":83}},"3":{"start":{"line":4,"column":0},"end":{"line":4,"column":null}},"4":{"start":{"line":9,"column":13},"end":{"line":14,"column":11}},"5":{"start":{"line":16,"column":13},"end":{"line":21,"column":11}}},"fnMap":{},"branchMap":{},"s":{"0":1,"1":1,"2":1,"3":1,"4":1,"5":1},"f":{},"b":{}}
,"/Users/olegsemenko/botcow_assistance/src/backend/tools/repoRegistrationTools.ts": {"path":"/Users/olegsemenko/botcow_assistance/src/backend/tools/repoRegistrationTools.ts","statementMap":{"0":{"start":{"line":88,"column":0},"end":{"line":88,"column":7}},"1":{"start":{"line":2,"column":0},"end":{"line":2,"column":51}},"2":{"start":{"line":3,"column":0},"end":{"line":3,"column":55}},"3":{"start":{"line":15,"column":2},"end":{"line":17,"column":3}},"4":{"start":{"line":16,"column":4},"end":{"line":16,"column":59}},"5":{"start":{"line":21,"column":12},"end":{"line":21,"column":23}},"6":{"start":{"line":22,"column":16},"end":{"line":22,"column":28}},"7":{"start":{"line":23,"column":2},"end":{"line":25,"column":3}},"8":{"start":{"line":24,"column":4},"end":{"line":24,"column":61}},"9":{"start":{"line":26,"column":2},"end":{"line":26,"column":82}},"10":{"start":{"line":30,"column":17},"end":{"line":30,"column":34}},"11":{"start":{"line":31,"column":14},"end":{"line":31,"column":53}},"12":{"start":{"line":32,"column":21},"end":{"line":32,"column":43}},"13":{"start":{"line":33,"column":2},"end":{"line":35,"column":3}},"14":{"start":{"line":34,"column":4},"end":{"line":34,"column":79}},"15":{"start":{"line":36,"column":2},"end":{"line":36,"column":20}},"16":{"start":{"line":40,"column":17},"end":{"line":40,"column":34}},"17":{"start":{"line":41,"column":14},"end":{"line":41,"column":51}},"18":{"start":{"line":42,"column":16},"end":{"line":42,"column":31}},"19":{"start":{"line":43,"column":2},"end":{"line":45,"column":3}},"20":{"start":{"line":44,"column":4},"end":{"line":44,"column":69}},"21":{"start":{"line":46,"column":2},"end":{"line":46,"column":15}},"22":{"start":{"line":49,"column":13},"end":{"line":86,"column":11}},"23":{"start":{"line":89,"column":42},"end":{"line":89,"column":66}},"24":{"start":{"line":90,"column":2},"end":{"line":90,"column":54}},"25":{"start":{"line":91,"column":2},"end":{"line":91,"column":67}},"26":{"start":{"line":92,"column":2},"end":{"line":94,"column":3}},"27":{"start":{"line":93,"column":4},"end":{"line":93,"column":62}},"28":{"start":{"line":98,"column":35},"end":{"line":101,"column":4}},"29":{"start":{"line":103,"column":2},"end":{"line":107,"column":3}},"30":{"start":{"line":104,"column":4},"end":{"line":106,"column":6}},"31":{"start":{"line":111,"column":2},"end":{"line":111,"column":18}},"32":{"start":{"line":113,"column":32},"end":{"line":120,"column":4}},"33":{"start":{"line":122,"column":2},"end":{"line":122,"column":37}}},"fnMap":{"0":{"name":"assertNonEmpty","decl":{"start":{"line":14,"column":9},"end":{"line":14,"column":23}},"loc":{"start":{"line":14,"column":49},"end":{"line":18,"column":1}}},"1":{"name":"normalizeRepo","decl":{"start":{"line":20,"column":9},"end":{"line":20,"column":22}},"loc":{"start":{"line":20,"column":35},"end":{"line":27,"column":1}}},"2":{"name":"getRepoOwnerLogin","decl":{"start":{"line":29,"column":15},"end":{"line":29,"column":32}},"loc":{"start":{"line":29,"column":60},"end":{"line":37,"column":1}}},"3":{"name":"getAuthenticatedUserLogin","decl":{"start":{"line":39,"column":15},"end":{"line":39,"column":40}},"loc":{"start":{"line":39,"column":40},"end":{"line":47,"column":1}}},"4":{"name":"repo_register","decl":{"start":{"line":88,"column":22},"end":{"line":88,"column":35}},"loc":{"start":{"line":88,"column":62},"end":{"line":123,"column":1}}}},"branchMap":{"0":{"loc":{"start":{"line":15,"column":2},"end":{"line":17,"column":3}},"type":"if","locations":[{"start":{"line":15,"column":2},"end":{"line":17,"column":3}}]},"1":{"loc":{"start":{"line":15,"column":6},"end":{"line":15,"column":40}},"type":"binary-expr","locations":[{"start":{"line":15,"column":6},"end":{"line":15,"column":27}},{"start":{"line":15,"column":31},"end":{"line":15,"column":40}}]},"2":{"loc":{"start":{"line":23,"column":2},"end":{"line":25,"column":3}},"type":"if","locations":[{"start":{"line":23,"column":2},"end":{"line":25,"column":3}}]},"3":{"loc":{"start":{"line":23,"column":6},"end":{"line":23,"column":50}},"type":"binary-expr","locations":[{"start":{"line":23,"column":6},"end":{"line":23,"column":24}},{"start":{"line":23,"column":28},"end":{"line":23,"column":37}},{"start":{"line":23,"column":41},"end":{"line":23,"column":50}}]},"4":{"loc":{"start":{"line":32,"column":21},"end":{"line":32,"column":43}},"type":"cond-expr","locations":[{"start":{"line":32,"column":36},"end":{"line":32,"column":38}},{"start":{"line":32,"column":36},"end":{"line":32,"column":43}}]},"5":{"loc":{"start":{"line":32,"column":21},"end":{"line":32,"column":38}},"type":"binary-expr","locations":[{"start":{"line":32,"column":21},"end":{"line":32,"column":38}},{"start":{"line":32,"column":36},"end":{"line":32,"column":38}}]},"6":{"loc":{"start":{"line":32,"column":21},"end":{"line":32,"column":36}},"type":"cond-expr","locations":[{"start":{"line":32,"column":29},"end":{"line":32,"column":31}},{"start":{"line":32,"column":29},"end":{"line":32,"column":36}}]},"7":{"loc":{"start":{"line":32,"column":21},"end":{"line":32,"column":31}},"type":"binary-expr","locations":[{"start":{"line":32,"column":21},"end":{"line":32,"column":31}},{"start":{"line":32,"column":29},"end":{"line":32,"column":31}}]},"8":{"loc":{"start":{"line":33,"column":2},"end":{"line":35,"column":3}},"type":"if","locations":[{"start":{"line":33,"column":2},"end":{"line":35,"column":3}}]},"9":{"loc":{"start":{"line":33,"column":6},"end":{"line":33,"column":51}},"type":"binary-expr","locations":[{"start":{"line":33,"column":6},"end":{"line":33,"column":36}},{"start":{"line":33,"column":40},"end":{"line":33,"column":51}}]},"10":{"loc":{"start":{"line":42,"column":16},"end":{"line":42,"column":31}},"type":"cond-expr","locations":[{"start":{"line":42,"column":24},"end":{"line":42,"column":26}},{"start":{"line":42,"column":24},"end":{"line":42,"column":31}}]},"11":{"loc":{"start":{"line":42,"column":16},"end":{"line":42,"column":26}},"type":"binary-expr","locations":[{"start":{"line":42,"column":16},"end":{"line":42,"column":26}},{"start":{"line":42,"column":24},"end":{"line":42,"column":26}}]},"12":{"loc":{"start":{"line":43,"column":2},"end":{"line":45,"column":3}},"type":"if","locations":[{"start":{"line":43,"column":2},"end":{"line":45,"column":3}}]},"13":{"loc":{"start":{"line":43,"column":6},"end":{"line":43,"column":41}},"type":"binary-expr","locations":[{"start":{"line":43,"column":6},"end":{"line":43,"column":31}},{"start":{"line":43,"column":35},"end":{"line":43,"column":41}}]},"14":{"loc":{"start":{"line":91,"column":40},"end":{"line":91,"column":65}},"type":"cond-expr","locations":[{"start":{"line":91,"column":51},"end":{"line":91,"column":53}},{"start":{"line":91,"column":51},"end":{"line":91,"column":65}}]},"15":{"loc":{"start":{"line":91,"column":40},"end":{"line":91,"column":53}},"type":"binary-expr","locations":[{"start":{"line":91,"column":40},"end":{"line":91,"column":53}},{"start":{"line":91,"column":51},"end":{"line":91,"column":53}}]},"16":{"loc":{"start":{"line":92,"column":2},"end":{"line":94,"column":3}},"type":"if","locations":[{"start":{"line":92,"column":2},"end":{"line":94,"column":3}}]},"17":{"loc":{"start":{"line":92,"column":6},"end":{"line":92,"column":28}},"type":"cond-expr","locations":[{"start":{"line":92,"column":17},"end":{"line":92,"column":19}},{"start":{"line":92,"column":17},"end":{"line":92,"column":28}}]},"18":{"loc":{"start":{"line":92,"column":6},"end":{"line":92,"column":19}},"type":"binary-expr","locations":[{"start":{"line":92,"column":6},"end":{"line":92,"column":19}},{"start":{"line":92,"column":17},"end":{"line":92,"column":19}}]},"19":{"loc":{"start":{"line":103,"column":2},"end":{"line":107,"column":3}},"type":"if","locations":[{"start":{"line":103,"column":2},"end":{"line":107,"column":3}}]},"20":{"loc":{"start":{"line":118,"column":10},"end":{"line":118,"column":82}},"type":"cond-expr","locations":[{"start":{"line":118,"column":34},"end":{"line":118,"column":77}},{"start":{"line":118,"column":80},"end":{"line":118,"column":82}}]}},"s":{"0":1,"1":1,"2":1,"3":0,"4":0,"5":0,"6":0,"7":0,"8":0,"9":0,"10":0,"11":0,"12":0,"13":0,"14":0,"15":0,"16":0,"17":0,"18":0,"19":0,"20":0,"21":0,"22":1,"23":0,"24":0,"25":0,"26":0,"27":0,"28":0,"29":0,"30":0,"31":0,"32":0,"33":0},"f":{"0":0,"1":0,"2":0,"3":0,"4":0},"b":{"0":[0],"1":[0,0],"2":[0],"3":[0,0,0],"4":[0,0],"5":[0,0],"6":[0,0],"7":[0,0],"8":[0],"9":[0,0],"10":[0,0],"11":[0,0],"12":[0],"13":[0,0],"14":[0,0],"15":[0,0],"16":[0],"17":[0,0],"18":[0,0],"19":[0],"20":[0,0]}}
,"/Users/olegsemenko/botcow_assistance/src/backend/tools/vercelTools.ts": {"path":"/Users/olegsemenko/botcow_assistance/src/backend/tools/vercelTools.ts","statementMap":{"0":{"start":{"line":1,"column":0},"end":{"line":1,"column":48}},"1":{"start":{"line":2,"column":0},"end":{"line":2,"column":null}},"2":{"start":{"line":9,"column":0},"end":{"line":9,"column":null}},"3":{"start":{"line":13,"column":0},"end":{"line":13,"column":63}},"4":{"start":{"line":48,"column":2},"end":{"line":48,"column":30}},"5":{"start":{"line":48,"column":13},"end":{"line":48,"column":30}},"6":{"start":{"line":50,"column":14},"end":{"line":50,"column":44}},"7":{"start":{"line":51,"column":14},"end":{"line":51,"column":33}},"8":{"start":{"line":54,"column":17},"end":{"line":54,"column":35}},"9":{"start":{"line":56,"column":2},"end":{"line":58,"column":null}},"10":{"start":{"line":64,"column":2},"end":{"line":64,"column":32}},"11":{"start":{"line":64,"column":15},"end":{"line":64,"column":32}},"12":{"start":{"line":65,"column":2},"end":{"line":65,"column":45}},"13":{"start":{"line":65,"column":28},"end":{"line":65,"column":45}},"14":{"start":{"line":66,"column":2},"end":{"line":66,"column":68}},"15":{"start":{"line":72,"column":13},"end":{"line":215,"column":11}},"16":{"start":{"line":220,"column":13},"end":{"line":274,"column":2}},"17":{"start":{"line":222,"column":18},"end":{"line":222,"column":33}},"18":{"start":{"line":223,"column":30},"end":{"line":223,"column":63}},"19":{"start":{"line":225,"column":16},"end":{"line":225,"column":47}},"20":{"start":{"line":226,"column":24},"end":{"line":226,"column":67}},"21":{"start":{"line":228,"column":4},"end":{"line":231,"column":6}},"22":{"start":{"line":235,"column":16},"end":{"line":235,"column":47}},"23":{"start":{"line":236,"column":16},"end":{"line":236,"column":66}},"24":{"start":{"line":237,"column":4},"end":{"line":237,"column":49}},"25":{"start":{"line":241,"column":33},"end":{"line":241,"column":66}},"26":{"start":{"line":243,"column":16},"end":{"line":243,"column":47}},"27":{"start":{"line":244,"column":16},"end":{"line":248,"column":null}},"28":{"start":{"line":250,"column":4},"end":{"line":250,"column":49}},"29":{"start":{"line":254,"column":33},"end":{"line":254,"column":66}},"30":{"start":{"line":256,"column":16},"end":{"line":256,"column":47}},"31":{"start":{"line":257,"column":16},"end":{"line":257,"column":63}},"32":{"start":{"line":258,"column":4},"end":{"line":258,"column":49}},"33":{"start":{"line":262,"column":33},"end":{"line":262,"column":66}},"34":{"start":{"line":264,"column":4},"end":{"line":272,"column":7}}},"fnMap":{"0":{"name":"getVercelCtxFromRepo","decl":{"start":{"line":47,"column":9},"end":{"line":47,"column":29}},"loc":{"start":{"line":47,"column":43},"end":{"line":60,"column":1}}},"1":{"name":"requirePreviewTarget","decl":{"start":{"line":62,"column":9},"end":{"line":62,"column":29}},"loc":{"start":{"line":62,"column":51},"end":{"line":67,"column":1}}},"2":{"name":"(anonymous_2)","decl":{"start":{"line":221,"column":2},"end":{"line":221,"column":7}},"loc":{"start":{"line":221,"column":74},"end":{"line":232,"column":3}}},"3":{"name":"(anonymous_3)","decl":{"start":{"line":234,"column":2},"end":{"line":234,"column":7}},"loc":{"start":{"line":234,"column":72},"end":{"line":238,"column":3}}},"4":{"name":"(anonymous_4)","decl":{"start":{"line":240,"column":2},"end":{"line":240,"column":7}},"loc":{"start":{"line":240,"column":59},"end":{"line":251,"column":3}}},"5":{"name":"(anonymous_5)","decl":{"start":{"line":253,"column":2},"end":{"line":253,"column":7}},"loc":{"start":{"line":253,"column":48},"end":{"line":259,"column":3}}},"6":{"name":"(anonymous_6)","decl":{"start":{"line":261,"column":2},"end":{"line":261,"column":7}},"loc":{"start":{"line":261,"column":69},"end":{"line":273,"column":3}}}},"branchMap":{"0":{"loc":{"start":{"line":48,"column":2},"end":{"line":48,"column":30}},"type":"if","locations":[{"start":{"line":48,"column":2},"end":{"line":48,"column":30}}]},"1":{"loc":{"start":{"line":54,"column":17},"end":{"line":54,"column":35}},"type":"cond-expr","locations":[{"start":{"line":54,"column":20},"end":{"line":54,"column":22}},{"start":{"line":54,"column":17},"end":{"line":54,"column":35}}]},"2":{"loc":{"start":{"line":54,"column":17},"end":{"line":54,"column":22}},"type":"binary-expr","locations":[{"start":{"line":54,"column":17},"end":{"line":54,"column":22}},{"start":{"line":54,"column":17},"end":{"line":54,"column":22}}]},"3":{"loc":{"start":{"line":58,"column":8},"end":{"line":58,"column":32}},"type":"cond-expr","locations":[{"start":{"line":58,"column":17},"end":{"line":58,"column":27}},{"start":{"line":58,"column":30},"end":{"line":58,"column":32}}]},"4":{"loc":{"start":{"line":64,"column":2},"end":{"line":64,"column":32}},"type":"if","locations":[{"start":{"line":64,"column":2},"end":{"line":64,"column":32}}]},"5":{"loc":{"start":{"line":65,"column":2},"end":{"line":65,"column":45}},"type":"if","locations":[{"start":{"line":65,"column":2},"end":{"line":65,"column":45}}]},"6":{"loc":{"start":{"line":222,"column":18},"end":{"line":222,"column":33}},"type":"cond-expr","locations":[{"start":{"line":222,"column":28},"end":{"line":222,"column":32}},{"start":{"line":222,"column":32},"end":{"line":222,"column":33}}]},"7":{"loc":{"start":{"line":222,"column":18},"end":{"line":222,"column":32}},"type":"binary-expr","locations":[{"start":{"line":222,"column":18},"end":{"line":222,"column":32}},{"start":{"line":222,"column":28},"end":{"line":222,"column":32}}]},"8":{"loc":{"start":{"line":230,"column":20},"end":{"line":230,"column":65}},"type":"cond-expr","locations":[{"start":{"line":230,"column":49},"end":{"line":230,"column":60}},{"start":{"line":230,"column":63},"end":{"line":230,"column":65}}]},"9":{"loc":{"start":{"line":265,"column":10},"end":{"line":265,"column":46}},"type":"cond-expr","locations":[{"start":{"line":265,"column":22},"end":{"line":265,"column":41}},{"start":{"line":265,"column":44},"end":{"line":265,"column":46}}]},"10":{"loc":{"start":{"line":266,"column":10},"end":{"line":266,"column":55}},"type":"cond-expr","locations":[{"start":{"line":266,"column":25},"end":{"line":266,"column":50}},{"start":{"line":266,"column":53},"end":{"line":266,"column":55}}]},"11":{"loc":{"start":{"line":267,"column":10},"end":{"line":267,"column":52}},"type":"cond-expr","locations":[{"start":{"line":267,"column":24},"end":{"line":267,"column":47}},{"start":{"line":267,"column":50},"end":{"line":267,"column":52}}]},"12":{"loc":{"start":{"line":268,"column":10},"end":{"line":268,"column":34}},"type":"cond-expr","locations":[{"start":{"line":268,"column":19},"end":{"line":268,"column":29}},{"start":{"line":268,"column":32},"end":{"line":268,"column":34}}]},"13":{"loc":{"start":{"line":269,"column":10},"end":{"line":271,"column":12}},"type":"cond-expr","locations":[{"start":{"line":270,"column":10},"end":{"line":270,"column":55}},{"start":{"line":271,"column":10},"end":{"line":271,"column":12}}]}},"s":{"0":1,"1":1,"2":1,"3":1,"4":0,"5":0,"6":0,"7":0,"8":0,"9":0,"10":0,"11":0,"12":0,"13":0,"14":0,"15":1,"16":1,"17":0,"18":0,"19":0,"20":0,"21":0,"22":0,"23":0,"24":0,"25":0,"26":0,"27":0,"28":0,"29":0,"30":0,"31":0,"32":0,"33":0,"34":0},"f":{"0":0,"1":0,"2":0,"3":0,"4":0,"5":0,"6":0},"b":{"0":[0],"1":[0,0],"2":[0,0],"3":[0,0],"4":[0],"5":[0],"6":[0,0],"7":[0,0],"8":[0,0],"9":[0,0],"10":[0,0],"11":[0,0],"12":[0,0],"13":[0,0]}}
,"/Users/olegsemenko/botcow_assistance/tests/routes/helpers.ts": {"path":"/Users/olegsemenko/botcow_assistance/tests/routes/helpers.ts","statementMap":{"0":{"start":{"line":4,"column":0},"end":{"line":4,"column":16}},"1":{"start":{"line":1,"column":0},"end":{"line":1,"column":30}},"2":{"start":{"line":2,"column":0},"end":{"line":2,"column":55}},"3":{"start":{"line":5,"column":14},"end":{"line":5,"column":23}},"4":{"start":{"line":6,"column":2},"end":{"line":6,"column":26}},"5":{"start":{"line":8,"column":2},"end":{"line":16,"column":5}},"6":{"start":{"line":9,"column":4},"end":{"line":15,"column":5}},"7":{"start":{"line":10,"column":35},"end":{"line":10,"column":43}},"8":{"start":{"line":11,"column":21},"end":{"line":11,"column":77}},"9":{"start":{"line":12,"column":6},"end":{"line":12,"column":42}},"10":{"start":{"line":14,"column":6},"end":{"line":14,"column":60}},"11":{"start":{"line":18,"column":2},"end":{"line":26,"column":5}},"12":{"start":{"line":19,"column":4},"end":{"line":25,"column":5}},"13":{"start":{"line":20,"column":25},"end":{"line":20,"column":33}},"14":{"start":{"line":21,"column":21},"end":{"line":21,"column":64}},"15":{"start":{"line":22,"column":6},"end":{"line":22,"column":42}},"16":{"start":{"line":24,"column":6},"end":{"line":24,"column":60}},"17":{"start":{"line":28,"column":2},"end":{"line":28,"column":13}}},"fnMap":{"0":{"name":"createTestApp","decl":{"start":{"line":4,"column":16},"end":{"line":4,"column":29}},"loc":{"start":{"line":4,"column":29},"end":{"line":29,"column":1}}},"1":{"name":"(anonymous_11)","decl":{"start":{"line":8,"column":39},"end":{"line":8,"column":44}},"loc":{"start":{"line":8,"column":58},"end":{"line":16,"column":3}}},"2":{"name":"(anonymous_12)","decl":{"start":{"line":18,"column":42},"end":{"line":18,"column":47}},"loc":{"start":{"line":18,"column":61},"end":{"line":26,"column":3}}}},"branchMap":{},"s":{"0":2,"1":2,"2":2,"3":2,"4":2,"5":2,"6":1,"7":1,"8":1,"9":1,"10":0,"11":2,"12":1,"13":1,"14":1,"15":1,"16":0,"17":2},"f":{"0":2,"1":1,"2":1},"b":{}}
}
