TN:
SF:src/backend/ciDiagnostics.ts
FN:20,omitUndefined
FN:28,githubGetWorkflowRunLogsText
FN:41,extractErrorLinesFromLogs
FN:60,(anonymous_3)
FN:72,(anonymous_4)
FN:86,(anonymous_5)
FN:89,githubDiagnoseWorkflowRun
FN:99,(anonymous_7)
FN:100,(anonymous_8)
FN:124,githubDiagnoseLatestWorkflowRun
FNF:10
FNH:0
FNDA:0,omitUndefined
FNDA:0,githubGetWorkflowRunLogsText
FNDA:0,extractErrorLinesFromLogs
FNDA:0,(anonymous_3)
FNDA:0,(anonymous_4)
FNDA:0,(anonymous_5)
FNDA:0,githubDiagnoseWorkflowRun
FNDA:0,(anonymous_7)
FNDA:0,(anonymous_8)
FNDA:0,githubDiagnoseLatestWorkflowRun
DA:1,1
DA:7,1
DA:21,0
DA:22,0
DA:23,0
DA:25,0
DA:28,1
DA:33,0
DA:37,0
DA:38,0
DA:42,0
DA:45,0
DA:56,0
DA:57,0
DA:58,0
DA:59,0
DA:60,0
DA:63,0
DA:66,0
DA:67,0
DA:68,0
DA:72,0
DA:73,0
DA:74,0
DA:75,0
DA:76,0
DA:77,0
DA:80,0
DA:81,0
DA:82,0
DA:83,0
DA:86,0
DA:89,1
DA:94,0
DA:98,0
DA:99,0
DA:101,0
DA:102,0
DA:103,0
DA:106,0
DA:112,0
DA:114,0
DA:121,0
DA:124,1
DA:131,0
DA:133,0
DA:140,0
DA:141,0
DA:142,0
DA:146,0
LF:50
LH:5
BRDA:23,0,0,0
BRDA:34,1,0,0
BRDA:34,1,1,0
BRDA:41,2,0,0
BRDA:59,3,0,0
BRDA:60,4,0,0
BRDA:63,5,0,0
BRDA:76,6,0,0
BRDA:76,6,1,0
BRDA:76,7,0,0
BRDA:76,7,1,0
BRDA:82,8,0,0
BRDA:82,8,1,0
BRDA:82,9,0,0
BRDA:82,9,1,0
BRDA:95,10,0,0
BRDA:95,10,1,0
BRDA:99,11,0,0
BRDA:99,11,1,0
BRDA:102,12,0,0
BRDA:102,12,1,0
BRDA:102,13,0,0
BRDA:102,13,1,0
BRDA:103,14,0,0
BRDA:103,14,1,0
BRDA:108,15,0,0
BRDA:108,15,1,0
BRDA:109,16,0,0
BRDA:109,16,1,0
BRDA:121,17,0,0
BRDA:121,17,1,0
BRDA:131,18,0,0
BRDA:131,18,1,0
BRDA:131,19,0,0
BRDA:131,19,1,0
BRDA:134,20,0,0
BRDA:134,20,1,0
BRDA:135,21,0,0
BRDA:135,21,1,0
BRDA:136,22,0,0
BRDA:136,22,1,0
BRDA:140,23,0,0
BRDA:140,23,1,0
BRDA:140,24,0,0
BRDA:140,24,1,0
BRDA:141,25,0,0
BRDA:148,26,0,0
BRDA:148,26,1,0
BRDA:149,27,0,0
BRDA:149,27,1,0
BRF:50
BRH:0
end_of_record
TN:
SF:src/backend/ciRunner.ts
FN:29,runWorkflowAndTrack
FN:97,(anonymous_1)
FN:100,(anonymous_2)
FN:109,(anonymous_3)
FN:128,(anonymous_4)
FN:200,getWorkflowRunStatus
FNF:6
FNH:0
FNDA:0,runWorkflowAndTrack
FNDA:0,(anonymous_1)
FNDA:0,(anonymous_2)
FNDA:0,(anonymous_3)
FNDA:0,(anonymous_4)
FNDA:0,getWorkflowRunStatus
DA:1,2
DA:9,2
DA:20,2
DA:21,2
DA:29,2
DA:35,0
DA:36,0
DA:37,0
DA:39,0
DA:40,0
DA:43,0
DA:44,0
DA:45,0
DA:46,0
DA:52,0
DA:64,0
DA:69,0
DA:70,0
DA:73,0
DA:76,0
DA:78,0
DA:79,0
DA:80,0
DA:81,0
DA:83,0
DA:85,0
DA:86,0
DA:94,0
DA:97,0
DA:99,0
DA:100,0
DA:101,0
DA:103,0
DA:107,0
DA:109,0
DA:110,0
DA:111,0
DA:113,0
DA:114,0
DA:115,0
DA:116,0
DA:119,0
DA:120,0
DA:121,0
DA:123,0
DA:126,0
DA:127,0
DA:128,0
DA:134,0
DA:144,0
DA:146,0
DA:148,0
DA:149,0
DA:150,0
DA:151,0
DA:154,0
DA:157,0
DA:159,0
DA:167,0
DA:170,0
DA:171,0
DA:172,0
DA:182,0
DA:185,0
DA:194,0
DA:200,2
DA:201,0
DA:202,0
DA:204,0
DA:217,0
DA:219,0
DA:220,0
DA:221,0
DA:223,0
DA:224,0
DA:226,0
LF:76
LH:6
BRDA:35,0,0,0
BRDA:35,0,1,0
BRDA:35,1,0,0
BRDA:35,1,1,0
BRDA:36,2,0,0
BRDA:36,2,1,0
BRDA:36,3,0,0
BRDA:36,3,1,0
BRDA:37,4,0,0
BRDA:37,4,1,0
BRDA:37,5,0,0
BRDA:37,5,1,0
BRDA:46,6,0,0
BRDA:47,7,0,0
BRDA:47,7,1,0
BRDA:47,7,2,0
BRDA:47,7,3,0
BRDA:69,8,0,0
BRDA:94,9,0,0
BRDA:94,9,1,0
BRDA:99,10,0,0
BRDA:100,11,0,0
BRDA:100,11,1,0
BRDA:101,12,0,0
BRDA:107,13,0,0
BRDA:115,14,0,0
BRDA:120,15,0,0
BRDA:120,16,0,0
BRDA:120,16,1,0
BRDA:139,17,0,0
BRDA:139,17,1,0
BRDA:151,18,0,0
BRDA:151,18,1,0
BRDA:162,19,0,0
BRDA:162,19,1,0
BRDA:162,20,0,0
BRDA:162,20,1,0
BRDA:219,21,0,0
BRDA:219,21,1,0
BRDA:219,22,0,0
BRDA:219,22,1,0
BRDA:220,23,0,0
BRDA:220,24,0,0
BRDA:220,24,1,0
BRDA:223,25,0,0
BRF:45
BRH:0
end_of_record
TN:
SF:src/backend/ciStore.ts
FN:11,keyForRepo
FN:17,saveRun
FN:21,getLastRun
FNF:3
FNH:0
FNDA:0,keyForRepo
FNDA:0,saveRun
FNDA:0,getLastRun
DA:1,2
DA:12,0
DA:15,2
DA:17,2
DA:18,0
DA:21,2
DA:22,0
DA:23,0
DA:25,0
DA:33,0
LF:10
LH:4
BRDA:23,0,0,0
BRDA:26,1,0,0
BRDA:26,1,1,0
BRDA:26,2,0,0
BRDA:26,2,1,0
BRDA:26,3,0,0
BRDA:26,3,1,0
BRDA:30,4,0,0
BRDA:30,4,1,0
BRDA:30,5,0,0
BRDA:30,5,1,0
BRDA:30,6,0,0
BRDA:30,6,1,0
BRF:13
BRH:0
end_of_record
TN:
SF:src/backend/github.ts
FN:11,getGithubToken
FN:21,getGithubClient
FN:32,__setGithubClientForTests
FN:37,__resetGithubClientForTests
FN:46,(anonymous_4)
FN:53,getDefaultRepo
FN:58,parseRepo
FN:99,sleep
FN:100,(anonymous_8)
FN:103,clampInt
FN:109,normalizeQuery
FN:113,buildSearchQuery
FN:142,getHeaderValue
FN:148,isSecondaryRateLimitError
FN:158,searchCodeWithRetry
FN:243,__resetSearchStateForTests
FN:247,cacheKeyToKvKey
FN:253,getFile
FN:277,getRepoStructure
FN:301,(anonymous_19)
FN:302,(anonymous_20)
FN:305,(anonymous_21)
FN:320,listFiles
FN:342,(anonymous_23)
FN:362,searchInRepo
FN:410,(anonymous_25)
FN:413,(anonymous_26)
FN:439,getRecentCommits
FN:461,(anonymous_28)
FN:471,createBranch
FN:504,commitFile
FN:561,deleteFile
FN:597,createPullRequest
FN:632,commentOnPullRequest
FN:650,mergePullRequest
FN:668,runWorkflow
FN:701,getWorkflowStatus
FN:717,listWorkflowRunJobs
FN:728,(anonymous_38)
FN:741,downloadWorkflowRunLogs
FN:759,listWorkflowRunsForRepo
FN:798,(anonymous_41)
FN:824,(anonymous_42)
FN:841,createIssue
FN:871,updateIssue
FN:909,listIssues
FN:931,(anonymous_46)
FN:936,(anonymous_47)
FNF:48
FNH:18
FNDA:0,getGithubToken
FNDA:4,getGithubClient
FNDA:4,__setGithubClientForTests
FNDA:4,__resetGithubClientForTests
FNDA:0,(anonymous_4)
FNDA:6,getDefaultRepo
FNDA:6,parseRepo
FNDA:1,sleep
FNDA:1,(anonymous_8)
FNDA:12,clampInt
FNDA:6,normalizeQuery
FNDA:6,buildSearchQuery
FNDA:2,getHeaderValue
FNDA:1,isSecondaryRateLimitError
FNDA:4,searchCodeWithRetry
FNDA:4,__resetSearchStateForTests
FNDA:6,cacheKeyToKvKey
FNDA:0,getFile
FNDA:0,getRepoStructure
FNDA:0,(anonymous_19)
FNDA:0,(anonymous_20)
FNDA:0,(anonymous_21)
FNDA:0,listFiles
FNDA:0,(anonymous_23)
FNDA:6,searchInRepo
FNDA:4,(anonymous_25)
FNDA:3,(anonymous_26)
FNDA:0,getRecentCommits
FNDA:0,(anonymous_28)
FNDA:0,createBranch
FNDA:0,commitFile
FNDA:0,deleteFile
FNDA:0,createPullRequest
FNDA:0,commentOnPullRequest
FNDA:0,mergePullRequest
FNDA:0,runWorkflow
FNDA:0,getWorkflowStatus
FNDA:0,listWorkflowRunJobs
FNDA:0,(anonymous_38)
FNDA:0,downloadWorkflowRunLogs
FNDA:0,listWorkflowRunsForRepo
FNDA:0,(anonymous_41)
FNDA:0,(anonymous_42)
FNDA:0,createIssue
FNDA:0,updateIssue
FNDA:0,listIssues
FNDA:0,(anonymous_46)
FNDA:0,(anonymous_47)
DA:1,4
DA:2,4
DA:3,4
DA:4,4
DA:6,4
DA:9,4
DA:12,0
DA:13,0
DA:16,0
DA:18,0
DA:21,4
DA:22,4
DA:23,0
DA:24,0
DA:25,0
DA:32,4
DA:33,4
DA:37,4
DA:38,4
DA:43,4
DA:47,0
DA:48,0
DA:55,6
DA:58,4
DA:59,6
DA:62,6
DA:63,0
DA:68,6
DA:69,6
DA:70,0
DA:72,6
DA:100,1
DA:104,12
DA:105,12
DA:106,12
DA:110,6
DA:119,6
DA:122,6
DA:123,6
DA:125,6
DA:126,6
DA:127,6
DA:129,6
DA:130,0
DA:133,6
DA:143,2
DA:144,2
DA:145,2
DA:150,1
DA:155,1
DA:159,4
DA:160,4
DA:162,4
DA:163,5
DA:164,5
DA:170,1
DA:171,1
DA:173,1
DA:174,1
DA:176,1
DA:178,1
DA:180,1
DA:181,1
DA:183,1
DA:184,0
DA:187,1
DA:188,1
DA:189,1
DA:190,1
DA:191,1
DA:194,1
DA:195,1
DA:205,1
DA:206,1
DA:210,0
DA:211,0
DA:212,0
DA:219,0
DA:224,0
DA:227,4
DA:228,4
DA:237,4
DA:243,4
DA:244,4
DA:249,6
DA:250,6
DA:253,4
DA:254,0
DA:255,0
DA:257,0
DA:263,0
DA:264,0
DA:267,0
DA:269,0
DA:270,0
DA:273,0
DA:274,0
DA:277,4
DA:282,0
DA:283,0
DA:285,0
DA:287,0
DA:288,0
DA:289,0
DA:292,0
DA:299,0
DA:300,0
DA:301,0
DA:303,0
DA:305,0
DA:314,0
DA:320,4
DA:325,0
DA:326,0
DA:327,0
DA:329,0
DA:335,0
DA:336,0
DA:339,0
DA:341,0
DA:342,0
DA:351,0
DA:362,4
DA:369,6
DA:371,6
DA:372,6
DA:374,6
DA:381,6
DA:382,6
DA:384,6
DA:385,6
DA:386,1
DA:387,1
DA:394,1
DA:397,5
DA:398,5
DA:399,1
DA:400,1
DA:407,1
DA:410,4
DA:411,4
DA:413,3
DA:421,3
DA:427,3
DA:430,4
DA:432,4
DA:433,4
DA:435,3
DA:439,4
DA:444,0
DA:445,0
DA:446,0
DA:447,0
DA:449,0
DA:455,0
DA:456,0
DA:459,0
DA:461,0
DA:471,4
DA:476,0
DA:477,0
DA:479,0
DA:485,0
DA:487,0
DA:488,0
DA:495,0
DA:497,0
DA:498,0
DA:500,0
DA:504,4
DA:511,0
DA:512,0
DA:513,0
DA:517,0
DA:518,0
DA:525,0
DA:526,0
DA:529,0
DA:530,0
DA:534,0
DA:544,0
DA:553,0
DA:554,0
DA:557,0
DA:558,0
DA:561,4
DA:567,0
DA:568,0
DA:570,0
DA:572,0
DA:579,0
DA:580,0
DA:583,0
DA:585,0
DA:594,0
DA:597,4
DA:604,0
DA:605,0
DA:606,0
DA:607,0
DA:616,0
DA:624,0
DA:625,0
DA:628,0
DA:629,0
DA:632,4
DA:637,0
DA:638,0
DA:640,0
DA:647,0
DA:650,4
DA:655,0
DA:656,0
DA:658,0
DA:665,0
DA:668,4
DA:674,0
DA:675,0
DA:676,0
DA:677,0
DA:685,0
DA:692,0
DA:693,0
DA:696,0
DA:698,0
DA:701,4
DA:705,0
DA:706,0
DA:708,0
DA:714,0
DA:717,4
DA:718,0
DA:719,0
DA:721,0
DA:728,0
DA:738,0
DA:741,4
DA:745,0
DA:746,0
DA:748,0
DA:754,0
DA:756,0
DA:759,4
DA:783,0
DA:784,0
DA:785,0
DA:787,0
DA:788,0
DA:798,0
DA:812,0
DA:815,0
DA:824,0
DA:838,0
DA:841,4
DA:848,0
DA:849,0
DA:851,0
DA:857,0
DA:858,0
DA:860,0
DA:861,0
DA:863,0
DA:864,0
DA:867,0
DA:868,0
DA:871,4
DA:880,0
DA:881,0
DA:883,0
DA:889,0
DA:890,0
DA:892,0
DA:893,0
DA:895,0
DA:896,0
DA:898,0
DA:899,0
DA:901,0
DA:902,0
DA:905,0
DA:906,0
DA:909,4
DA:915,0
DA:916,0
DA:918,0
DA:925,0
DA:926,0
DA:929,0
DA:931,0
DA:936,0
DA:943,4
LF:291
LH:113
BRDA:13,0,0,0
BRDA:22,1,0,4
BRDA:23,2,0,0
BRDA:59,3,0,0
BRDA:59,3,1,6
BRDA:59,4,0,6
BRDA:59,4,1,6
BRDA:62,5,0,0
BRDA:69,6,0,0
BRDA:69,7,0,6
BRDA:69,7,1,6
BRDA:104,8,0,12
BRDA:104,8,1,0
BRDA:105,9,0,0
BRDA:126,10,0,6
BRDA:129,11,0,0
BRDA:129,12,0,6
BRDA:129,12,1,0
BRDA:143,13,0,0
BRDA:145,14,0,2
BRDA:145,14,1,0
BRDA:145,15,0,2
BRDA:145,15,1,2
BRDA:150,16,0,1
BRDA:150,16,1,0
BRDA:150,17,0,0
BRDA:150,17,1,1
BRDA:150,18,0,1
BRDA:150,18,1,1
BRDA:152,19,0,0
BRDA:152,19,1,1
BRDA:152,20,0,1
BRDA:152,20,1,0
BRDA:152,21,0,1
BRDA:152,21,1,1
BRDA:152,22,0,0
BRDA:152,22,1,1
BRDA:152,23,0,1
BRDA:152,23,1,1
BRDA:152,24,0,0
BRDA:152,24,1,1
BRDA:152,25,0,1
BRDA:152,25,1,1
BRDA:170,26,0,1
BRDA:170,26,1,0
BRDA:170,27,0,1
BRDA:170,27,1,1
BRDA:170,28,0,0
BRDA:170,28,1,1
BRDA:170,29,0,1
BRDA:170,29,1,1
BRDA:170,30,0,0
BRDA:170,30,1,0
BRDA:170,31,0,0
BRDA:170,31,1,0
BRDA:170,32,0,0
BRDA:170,32,1,0
BRDA:170,33,0,0
BRDA:170,33,1,0
BRDA:171,34,0,0
BRDA:171,34,1,1
BRDA:171,35,0,1
BRDA:171,35,1,1
BRDA:171,36,0,0
BRDA:171,36,1,1
BRDA:171,37,0,1
BRDA:171,37,1,1
BRDA:176,38,0,1
BRDA:176,38,1,0
BRDA:178,39,0,1
BRDA:178,39,1,0
BRDA:180,40,0,1
BRDA:180,40,1,1
BRDA:181,41,0,1
BRDA:181,41,1,1
BRDA:183,42,0,0
BRDA:183,43,0,1
BRDA:183,43,1,1
BRDA:183,43,2,0
BRDA:187,44,0,1
BRDA:187,45,0,1
BRDA:187,45,1,1
BRDA:263,46,0,0
BRDA:269,47,0,0
BRDA:283,48,0,0
BRDA:283,48,1,0
BRDA:283,49,0,0
BRDA:283,49,1,0
BRDA:285,50,0,0
BRDA:285,50,1,0
BRDA:285,51,0,0
BRDA:285,51,1,0
BRDA:287,52,0,0
BRDA:289,53,0,0
BRDA:289,53,1,0
BRDA:299,54,0,0
BRDA:299,54,1,0
BRDA:299,55,0,0
BRDA:299,55,1,0
BRDA:299,56,0,0
BRDA:299,56,1,0
BRDA:299,57,0,0
BRDA:299,57,1,0
BRDA:300,58,0,0
BRDA:300,58,1,0
BRDA:303,59,0,0
BRDA:303,59,1,0
BRDA:303,60,0,0
BRDA:303,60,1,0
BRDA:326,61,0,0
BRDA:326,61,1,0
BRDA:326,62,0,0
BRDA:326,62,1,0
BRDA:327,63,0,0
BRDA:327,63,1,0
BRDA:327,64,0,0
BRDA:327,64,1,0
BRDA:327,65,0,0
BRDA:327,65,1,0
BRDA:327,66,0,0
BRDA:327,66,1,0
BRDA:335,67,0,0
BRDA:335,68,0,0
BRDA:335,68,1,0
BRDA:335,69,0,0
BRDA:335,69,1,0
BRDA:341,70,0,0
BRDA:356,71,0,0
BRDA:356,71,1,0
BRDA:357,72,0,0
BRDA:357,72,1,0
BRDA:378,73,0,0
BRDA:378,73,1,6
BRDA:385,74,0,1
BRDA:385,75,0,5
BRDA:385,75,1,1
BRDA:385,76,0,6
BRDA:385,76,1,1
BRDA:398,77,0,1
BRDA:445,78,0,0
BRDA:445,78,1,0
BRDA:445,79,0,0
BRDA:445,79,1,0
BRDA:446,80,0,0
BRDA:446,80,1,0
BRDA:446,81,0,0
BRDA:446,81,1,0
BRDA:447,82,0,0
BRDA:447,82,1,0
BRDA:447,83,0,0
BRDA:447,83,1,0
BRDA:447,84,0,0
BRDA:447,84,1,0
BRDA:447,85,0,0
BRDA:447,85,1,0
BRDA:455,86,0,0
BRDA:463,87,0,0
BRDA:463,87,1,0
BRDA:463,88,0,0
BRDA:463,88,1,0
BRDA:464,89,0,0
BRDA:464,89,1,0
BRDA:464,90,0,0
BRDA:464,90,1,0
BRDA:465,91,0,0
BRDA:465,91,1,0
BRDA:465,92,0,0
BRDA:465,92,1,0
BRDA:473,93,0,0
BRDA:497,94,0,0
BRDA:497,95,0,0
BRDA:497,95,1,0
BRDA:497,96,0,0
BRDA:497,96,1,0
BRDA:525,97,0,0
BRDA:529,98,0,0
BRDA:529,99,0,0
BRDA:529,99,1,0
BRDA:529,100,0,0
BRDA:529,100,1,0
BRDA:553,101,0,0
BRDA:579,102,0,0
BRDA:606,103,0,0
BRDA:606,103,1,0
BRDA:606,104,0,0
BRDA:606,104,1,0
BRDA:624,105,0,0
BRDA:662,106,0,0
BRDA:662,106,1,0
BRDA:662,107,0,0
BRDA:662,107,1,0
BRDA:675,108,0,0
BRDA:675,108,1,0
BRDA:675,109,0,0
BRDA:675,109,1,0
BRDA:676,110,0,0
BRDA:676,110,1,0
BRDA:676,111,0,0
BRDA:676,111,1,0
BRDA:692,112,0,0
BRDA:728,113,0,0
BRDA:728,113,1,0
BRDA:731,114,0,0
BRDA:731,114,1,0
BRDA:731,115,0,0
BRDA:731,115,1,0
BRDA:732,116,0,0
BRDA:732,116,1,0
BRDA:732,117,0,0
BRDA:732,117,1,0
BRDA:733,118,0,0
BRDA:733,118,1,0
BRDA:733,119,0,0
BRDA:733,119,1,0
BRDA:734,120,0,0
BRDA:734,120,1,0
BRDA:734,121,0,0
BRDA:734,121,1,0
BRDA:735,122,0,0
BRDA:735,122,1,0
BRDA:735,123,0,0
BRDA:735,123,1,0
BRDA:785,124,0,0
BRDA:785,124,1,0
BRDA:785,125,0,0
BRDA:785,125,1,0
BRDA:787,126,0,0
BRDA:792,127,0,0
BRDA:792,127,1,0
BRDA:792,128,0,0
BRDA:792,128,1,0
BRDA:793,129,0,0
BRDA:793,129,1,0
BRDA:793,130,0,0
BRDA:793,130,1,0
BRDA:794,131,0,0
BRDA:794,131,1,0
BRDA:794,132,0,0
BRDA:794,132,1,0
BRDA:795,133,0,0
BRDA:795,133,1,0
BRDA:795,134,0,0
BRDA:795,134,1,0
BRDA:798,135,0,0
BRDA:798,135,1,0
BRDA:800,136,0,0
BRDA:800,136,1,0
BRDA:800,137,0,0
BRDA:800,137,1,0
BRDA:801,138,0,0
BRDA:801,138,1,0
BRDA:801,139,0,0
BRDA:801,139,1,0
BRDA:802,140,0,0
BRDA:802,140,1,0
BRDA:802,141,0,0
BRDA:802,141,1,0
BRDA:803,142,0,0
BRDA:803,142,1,0
BRDA:803,143,0,0
BRDA:803,143,1,0
BRDA:804,144,0,0
BRDA:804,144,1,0
BRDA:804,145,0,0
BRDA:804,145,1,0
BRDA:805,146,0,0
BRDA:805,146,1,0
BRDA:805,147,0,0
BRDA:805,147,1,0
BRDA:806,148,0,0
BRDA:806,148,1,0
BRDA:806,149,0,0
BRDA:806,149,1,0
BRDA:807,150,0,0
BRDA:807,150,1,0
BRDA:807,151,0,0
BRDA:807,151,1,0
BRDA:808,152,0,0
BRDA:808,152,1,0
BRDA:808,153,0,0
BRDA:808,153,1,0
BRDA:809,154,0,0
BRDA:809,154,1,0
BRDA:809,155,0,0
BRDA:809,155,1,0
BRDA:818,156,0,0
BRDA:818,156,1,0
BRDA:818,157,0,0
BRDA:818,157,1,0
BRDA:819,158,0,0
BRDA:819,158,1,0
BRDA:819,159,0,0
BRDA:819,159,1,0
BRDA:820,160,0,0
BRDA:820,160,1,0
BRDA:820,161,0,0
BRDA:820,161,1,0
BRDA:821,162,0,0
BRDA:821,162,1,0
BRDA:821,163,0,0
BRDA:821,163,1,0
BRDA:824,164,0,0
BRDA:824,164,1,0
BRDA:826,165,0,0
BRDA:826,165,1,0
BRDA:826,166,0,0
BRDA:826,166,1,0
BRDA:827,167,0,0
BRDA:827,167,1,0
BRDA:827,168,0,0
BRDA:827,168,1,0
BRDA:828,169,0,0
BRDA:828,169,1,0
BRDA:828,170,0,0
BRDA:828,170,1,0
BRDA:829,171,0,0
BRDA:829,171,1,0
BRDA:829,172,0,0
BRDA:829,172,1,0
BRDA:830,173,0,0
BRDA:830,173,1,0
BRDA:830,174,0,0
BRDA:830,174,1,0
BRDA:831,175,0,0
BRDA:831,175,1,0
BRDA:831,176,0,0
BRDA:831,176,1,0
BRDA:832,177,0,0
BRDA:832,177,1,0
BRDA:832,178,0,0
BRDA:832,178,1,0
BRDA:833,179,0,0
BRDA:833,179,1,0
BRDA:833,180,0,0
BRDA:833,180,1,0
BRDA:834,181,0,0
BRDA:834,181,1,0
BRDA:834,182,0,0
BRDA:834,182,1,0
BRDA:835,183,0,0
BRDA:835,183,1,0
BRDA:835,184,0,0
BRDA:835,184,1,0
BRDA:857,185,0,0
BRDA:860,186,0,0
BRDA:863,187,0,0
BRDA:889,188,0,0
BRDA:892,189,0,0
BRDA:895,190,0,0
BRDA:898,191,0,0
BRDA:901,192,0,0
BRDA:916,193,0,0
BRDA:916,193,1,0
BRDA:916,194,0,0
BRDA:916,194,1,0
BRDA:921,195,0,0
BRDA:921,195,1,0
BRDA:921,196,0,0
BRDA:921,196,1,0
BRDA:921,197,0,0
BRDA:921,197,1,0
BRDA:921,198,0,0
BRDA:921,198,1,0
BRDA:922,199,0,0
BRDA:922,199,1,0
BRDA:922,200,0,0
BRDA:922,200,1,0
BRDA:922,201,0,0
BRDA:922,201,1,0
BRDA:922,202,0,0
BRDA:922,202,1,0
BRDA:925,203,0,0
BRDA:925,204,0,0
BRDA:925,204,1,0
BRDA:925,205,0,0
BRDA:925,205,1,0
BRDA:935,206,0,0
BRDA:935,206,1,0
BRDA:935,207,0,0
BRDA:935,207,1,0
BRDA:936,208,0,0
BRDA:936,208,1,0
BRF:382
BRH:56
end_of_record
TN:
SF:src/backend/githubLogs.ts
FN:9,safeDecode
FN:14,extractWorkflowRunLogsTextFromZipBase64
FNF:2
FNH:0
FNDA:0,safeDecode
FNDA:0,extractWorkflowRunLogsTextFromZipBase64
DA:1,1
DA:11,0
DA:14,1
DA:22,0
DA:23,0
DA:25,0
DA:26,0
DA:28,0
DA:31,0
DA:32,0
DA:33,0
DA:35,0
DA:36,0
DA:37,0
DA:38,0
DA:40,0
DA:41,0
DA:43,0
DA:46,0
DA:48,0
DA:49,0
DA:50,0
DA:51,0
DA:52,0
DA:55,0
DA:56,0
DA:59,0
LF:27
LH:2
BRDA:22,0,0,0
BRDA:22,0,1,0
BRDA:22,1,0,0
BRDA:22,1,1,0
BRDA:22,2,0,0
BRDA:22,2,1,0
BRDA:22,3,0,0
BRDA:22,3,1,0
BRDA:23,4,0,0
BRDA:23,4,1,0
BRDA:23,5,0,0
BRDA:23,5,1,0
BRDA:23,6,0,0
BRDA:23,6,1,0
BRDA:23,7,0,0
BRDA:23,7,1,0
BRDA:36,8,0,0
BRDA:38,9,0,0
BRDA:48,10,0,0
BRF:19
BRH:0
end_of_record
TN:
SF:src/backend/kv.ts
FN:10,expiresAtFromOpts
FN:16,kvGetJson
FN:33,kvSetJson
FN:52,kvDel
FNF:4
FNH:3
FNDA:6,expiresAtFromOpts
FNDA:6,kvGetJson
FNDA:3,kvSetJson
FNDA:0,kvDel
DA:1,4
DA:11,6
DA:12,6
DA:13,6
DA:16,4
DA:17,6
DA:18,6
DA:20,1
DA:22,0
DA:23,0
DA:27,0
DA:30,1
DA:33,4
DA:38,3
DA:52,4
DA:53,0
DA:54,0
LF:17
LH:12
BRDA:11,0,0,0
BRDA:11,0,1,6
BRDA:11,1,0,6
BRDA:11,1,1,6
BRDA:12,2,0,0
BRDA:12,3,0,6
BRDA:12,3,1,6
BRDA:18,4,0,5
BRDA:20,5,0,0
BRDA:20,6,0,1
BRDA:20,6,1,1
BRDA:43,7,0,3
BRDA:43,7,1,0
BRDA:43,8,0,3
BRDA:43,8,1,3
BRDA:47,9,0,3
BRDA:47,9,1,0
BRDA:47,10,0,3
BRDA:47,10,1,3
BRF:19
BRH:14
end_of_record
TN:
SF:src/backend/log.ts
FN:1,logEvent
FNF:1
FNH:1
FNDA:3,logEvent
DA:1,4
DA:4,3
LF:2
LH:2
BRF:0
BRH:0
end_of_record
TN:
SF:src/backend/tools.ts
FN:13,getToolsSchemas
FN:18,handleToolCall
FNF:2
FNH:0
FNDA:0,getToolsSchemas
FNDA:0,handleToolCall
DA:3,1
DA:9,1
DA:10,1
DA:13,1
DA:15,0
DA:18,1
DA:19,0
DA:20,0
DA:21,0
DA:23,0
LF:10
LH:5
BRDA:20,0,0,0
BRF:1
BRH:0
end_of_record
TN:
SF:src/backend/vercel.ts
FN:9,getVercelTokenOrThrow
FN:22,buildUrl
FN:29,vercelFetchJson
FN:56,getLatestDeployments
FN:77,getDeploymentStatus
FN:89,resolveGitRef
FN:93,triggerDeploy
FN:128,redeploy
FN:148,findDeploymentByGit
FN:170,(anonymous_9)
FN:184,(anonymous_10)
FNF:11
FNH:0
FNDA:0,getVercelTokenOrThrow
FNDA:0,buildUrl
FNDA:0,vercelFetchJson
FNDA:0,getLatestDeployments
FNDA:0,getDeploymentStatus
FNDA:0,resolveGitRef
FNDA:0,triggerDeploy
FNDA:0,redeploy
FNDA:0,findDeploymentByGit
FNDA:0,(anonymous_9)
FNDA:0,(anonymous_10)
DA:1,1
DA:10,0
DA:11,0
DA:12,0
DA:23,0
DA:24,0
DA:25,0
DA:26,0
DA:34,0
DA:35,0
DA:37,0
DA:46,0
DA:47,0
DA:48,0
DA:53,0
DA:56,1
DA:61,0
DA:63,0
DA:64,0
DA:65,0
DA:66,0
DA:68,0
DA:74,0
DA:77,1
DA:81,0
DA:86,0
DA:90,0
DA:93,1
DA:100,0
DA:101,0
DA:105,0
DA:111,0
DA:112,0
DA:119,0
DA:125,0
DA:128,1
DA:135,0
DA:139,0
DA:145,0
DA:148,1
DA:164,0
DA:166,0
DA:167,0
DA:169,0
DA:170,0
DA:171,0
DA:173,0
DA:176,0
DA:178,0
DA:181,0
DA:182,0
DA:183,0
DA:184,0
DA:185,0
DA:186,0
DA:187,0
DA:189,0
DA:192,0
DA:194,0
DA:197,0
LF:60
LH:6
BRDA:11,0,0,0
BRDA:24,1,0,0
BRDA:24,1,1,0
BRDA:24,2,0,0
BRDA:24,2,1,0
BRDA:24,3,0,0
BRDA:24,3,1,0
BRDA:24,4,0,0
BRDA:24,4,1,0
BRDA:25,5,0,0
BRDA:42,6,0,0
BRDA:42,6,1,0
BRDA:42,7,0,0
BRDA:42,7,1,0
BRDA:46,8,0,0
BRDA:49,9,0,0
BRDA:49,9,1,0
BRDA:49,10,0,0
BRDA:49,10,1,0
BRDA:59,11,0,0
BRDA:61,12,0,0
BRDA:61,12,1,0
BRDA:61,13,0,0
BRDA:61,13,1,0
BRDA:61,14,0,0
BRDA:61,14,1,0
BRDA:61,15,0,0
BRDA:61,15,1,0
BRDA:65,16,0,0
BRDA:66,17,0,0
BRDA:74,18,0,0
BRDA:74,18,1,0
BRDA:74,19,0,0
BRDA:74,19,1,0
BRDA:90,20,0,0
BRDA:90,20,1,0
BRDA:90,21,0,0
BRDA:90,21,1,0
BRDA:90,22,0,0
BRDA:90,22,1,0
BRDA:100,23,0,0
BRDA:100,23,1,0
BRDA:100,24,0,0
BRDA:100,24,1,0
BRDA:100,25,0,0
BRDA:100,25,1,0
BRDA:100,26,0,0
BRDA:100,26,1,0
BRDA:100,27,0,0
BRDA:100,27,1,0
BRDA:100,28,0,0
BRDA:100,28,1,0
BRDA:101,29,0,0
BRDA:111,30,0,0
BRDA:160,31,0,0
BRDA:162,32,0,0
BRDA:163,33,0,0
BRDA:167,34,0,0
BRDA:169,35,0,0
BRDA:171,36,0,0
BRDA:171,36,1,0
BRDA:171,37,0,0
BRDA:171,37,1,0
BRDA:173,38,0,0
BRDA:173,38,1,0
BRDA:173,38,2,0
BRDA:173,38,3,0
BRDA:173,38,4,0
BRDA:178,39,0,0
BRDA:181,40,0,0
BRDA:185,41,0,0
BRDA:185,41,1,0
BRDA:187,42,0,0
BRDA:187,42,1,0
BRDA:187,43,0,0
BRDA:187,43,1,0
BRDA:189,44,0,0
BRDA:189,44,1,0
BRDA:189,44,2,0
BRDA:189,44,3,0
BRDA:189,44,4,0
BRDA:192,45,0,0
BRDA:192,45,1,0
BRDA:194,46,0,0
BRDA:197,47,0,0
BRDA:197,47,1,0
BRDA:197,48,0,0
BRDA:197,48,1,0
BRF:88
BRH:0
end_of_record
TN:
SF:src/backend/vercelNormalize.ts
FN:27,normalizeVercelDeployment
FNF:1
FNH:0
FNDA:0,normalizeVercelDeployment
DA:27,1
DA:28,0
DA:29,0
DA:44,0
DA:49,0
DA:52,0
DA:57,0
DA:62,0
DA:64,0
DA:66,0
DA:69,0
DA:76,0
DA:79,0
DA:83,0
LF:14
LH:1
BRDA:28,0,0,0
BRDA:28,1,0,0
BRDA:28,1,1,0
BRDA:44,2,0,0
BRDA:44,2,1,0
BRDA:44,2,2,0
BRDA:44,2,3,0
BRDA:44,2,4,0
BRDA:44,2,5,0
BRDA:44,2,6,0
BRDA:49,3,0,0
BRDA:49,3,1,0
BRDA:52,4,0,0
BRDA:52,4,1,0
BRDA:52,4,2,0
BRDA:52,4,3,0
BRDA:52,4,4,0
BRDA:57,5,0,0
BRDA:57,5,1,0
BRDA:57,5,2,0
BRDA:57,5,3,0
BRDA:57,5,4,0
BRDA:62,6,0,0
BRDA:62,6,1,0
BRDA:62,6,2,0
BRDA:64,7,0,0
BRDA:64,7,1,0
BRDA:66,8,0,0
BRDA:66,8,1,0
BRDA:69,9,0,0
BRDA:69,9,1,0
BRDA:71,10,0,0
BRDA:71,10,1,0
BRDA:76,11,0,0
BRDA:76,11,1,0
BRDA:79,12,0,0
BRDA:79,12,1,0
BRDA:79,13,0,0
BRDA:79,13,1,0
BRF:39
BRH:0
end_of_record
TN:
SF:src/backend/config/repos.ts
FN:21,parseVerySimpleYaml
FN:28,(anonymous_2)
FN:29,(anonymous_3)
FN:36,current
FN:40,setAtCurrent
FN:108,coerceScalar
FN:119,loadReposConfig
FN:134,getDefaultRepoFromConfig
FN:138,isRepoAllowed
FN:140,(anonymous_10)
FN:143,getRepoConfig
FN:145,(anonymous_12)
FN:148,toYaml
FN:189,upsertRepoConfig
FN:196,(anonymous_15)
FN:199,(anonymous_16)
FNF:16
FNH:10
FNDA:12,parseVerySimpleYaml
FNDA:348,(anonymous_2)
FNDA:348,(anonymous_3)
FNDA:156,current
FNDA:132,setAtCurrent
FNDA:120,coerceScalar
FNDA:12,loadReposConfig
FNDA:6,getDefaultRepoFromConfig
FNDA:6,isRepoAllowed
FNDA:6,(anonymous_10)
FNDA:0,getRepoConfig
FNDA:0,(anonymous_12)
FNDA:0,toYaml
FNDA:0,upsertRepoConfig
FNDA:0,(anonymous_15)
FNDA:0,(anonymous_16)
DA:1,4
DA:2,4
DA:19,4
DA:26,12
DA:28,348
DA:29,348
DA:31,12
DA:32,12
DA:37,156
DA:41,132
DA:44,12
DA:45,216
DA:47,156
DA:48,156
DA:50,156
DA:51,24
DA:54,156
DA:57,156
DA:58,24
DA:60,24
DA:61,24
DA:64,0
DA:68,24
DA:69,24
DA:71,24
DA:72,24
DA:73,24
DA:74,24
DA:75,24
DA:78,24
DA:79,24
DA:83,132
DA:84,132
DA:86,132
DA:87,132
DA:89,132
DA:91,36
DA:92,12
DA:93,12
DA:94,12
DA:96,24
DA:97,24
DA:98,24
DA:101,96
DA:105,12
DA:109,120
DA:110,120
DA:111,120
DA:112,120
DA:114,108
DA:115,108
DA:116,108
DA:119,4
DA:120,12
DA:121,0
DA:124,12
DA:125,12
DA:127,12
DA:128,0
DA:131,12
DA:134,4
DA:135,6
DA:138,4
DA:139,6
DA:140,6
DA:143,4
DA:144,0
DA:145,0
DA:150,0
DA:151,0
DA:152,0
DA:153,0
DA:154,0
DA:155,0
DA:156,0
DA:157,0
DA:158,0
DA:159,0
DA:160,0
DA:161,0
DA:162,0
DA:163,0
DA:164,0
DA:165,0
DA:166,0
DA:167,0
DA:169,0
DA:170,0
DA:171,0
DA:172,0
DA:174,0
DA:175,0
DA:176,0
DA:177,0
DA:179,0
DA:180,0
DA:183,0
DA:186,0
DA:189,4
DA:194,0
DA:196,0
DA:197,0
DA:199,0
DA:202,0
DA:204,0
LF:105
LH:64
BRDA:45,0,0,60
BRDA:47,1,0,156
BRDA:47,1,1,0
BRDA:47,2,0,156
BRDA:47,2,1,156
BRDA:47,3,0,0
BRDA:47,3,1,156
BRDA:47,4,0,156
BRDA:47,4,1,156
BRDA:47,5,0,0
BRDA:47,5,1,156
BRDA:47,6,0,156
BRDA:47,6,1,156
BRDA:50,7,0,180
BRDA:50,7,1,144
BRDA:57,8,0,24
BRDA:61,9,0,0
BRDA:71,10,0,24
BRDA:84,11,0,0
BRDA:89,12,0,36
BRDA:89,12,1,96
BRDA:91,13,0,12
BRDA:91,13,1,24
BRDA:109,14,0,0
BRDA:109,15,0,120
BRDA:109,15,1,120
BRDA:110,16,0,0
BRDA:111,17,0,0
BRDA:112,18,0,12
BRDA:114,19,0,108
BRDA:114,19,1,108
BRDA:115,20,0,0
BRDA:120,21,0,0
BRDA:127,22,0,0
BRDA:127,23,0,12
BRDA:127,23,1,12
BRDA:127,23,2,12
BRDA:127,24,0,0
BRDA:127,24,1,12
BRDA:127,25,0,12
BRDA:127,25,1,12
BRDA:127,26,0,0
BRDA:127,26,1,12
BRDA:127,27,0,12
BRDA:127,27,1,12
BRDA:171,28,0,0
BRDA:174,29,0,0
BRDA:176,30,0,0
BRDA:179,31,0,0
BRDA:199,32,0,0
BRDA:199,32,1,0
BRDA:199,33,0,0
BRDA:199,33,1,0
BRDA:206,34,0,0
BRDA:206,34,1,0
BRF:55
BRH:32
end_of_record
TN:
SF:src/backend/diagnostics/actionsDiagnostics.ts
FN:13,isLikelyNotFoundError
FN:18,isLikelyForbiddenError
FN:23,githubDiagnoseActionsSetup
FNF:3
FNH:0
FNDA:0,isLikelyNotFoundError
FNDA:0,isLikelyForbiddenError
FNDA:0,githubDiagnoseActionsSetup
DA:1,1
DA:14,0
DA:15,0
DA:19,0
DA:20,0
DA:23,1
DA:28,0
DA:31,0
DA:32,0
DA:39,0
DA:41,0
DA:42,0
DA:55,0
DA:64,0
DA:76,0
DA:83,0
DA:84,0
DA:95,0
DA:103,0
DA:104,0
DA:115,0
DA:124,0
DA:125,0
DA:131,0
LF:24
LH:2
BRDA:14,0,0,0
BRDA:14,0,1,0
BRDA:15,1,0,0
BRDA:15,1,1,0
BRDA:19,2,0,0
BRDA:19,2,1,0
BRDA:20,3,0,0
BRDA:20,3,1,0
BRDA:33,4,0,0
BRDA:33,4,1,0
BRDA:34,5,0,0
BRDA:34,5,1,0
BRDA:35,6,0,0
BRDA:35,6,1,0
BRDA:41,7,0,0
BRDA:57,8,0,0
BRDA:57,8,1,0
BRDA:58,9,0,0
BRDA:58,9,1,0
BRDA:59,10,0,0
BRDA:59,10,1,0
BRDA:78,11,0,0
BRDA:78,11,1,0
BRDA:79,12,0,0
BRDA:79,12,1,0
BRDA:80,13,0,0
BRDA:80,13,1,0
BRDA:83,14,0,0
BRDA:97,15,0,0
BRDA:97,15,1,0
BRDA:98,16,0,0
BRDA:98,16,1,0
BRDA:99,17,0,0
BRDA:99,17,1,0
BRDA:103,18,0,0
BRDA:117,19,0,0
BRDA:117,19,1,0
BRDA:118,20,0,0
BRDA:118,20,1,0
BRDA:119,21,0,0
BRDA:119,21,1,0
BRDA:124,22,0,0
BRDA:124,22,1,0
BRDA:133,23,0,0
BRDA:133,23,1,0
BRDA:134,24,0,0
BRDA:134,24,1,0
BRDA:135,25,0,0
BRDA:135,25,1,0
BRF:49
BRH:0
end_of_record
TN:
SF:src/backend/diagnostics/vercelDiagnostics.ts
FN:29,getVercelContextFromRepo
FN:64,diagnoseVercelDeployment
FNF:2
FNH:0
FNDA:0,getVercelContextFromRepo
FNDA:0,diagnoseVercelDeployment
DA:1,1
DA:2,1
DA:29,1
DA:30,0
DA:32,0
DA:33,0
DA:34,0
DA:39,0
DA:40,0
DA:42,0
DA:43,0
DA:48,0
DA:49,0
DA:50,0
DA:55,0
DA:58,0
DA:64,1
DA:72,0
DA:73,0
DA:75,0
DA:76,0
DA:89,0
DA:102,0
DA:103,0
DA:116,0
DA:117,0
DA:119,0
DA:120,0
DA:121,0
DA:122,0
DA:124,0
DA:125,0
DA:126,0
DA:131,0
DA:136,0
LF:35
LH:4
BRDA:30,0,0,0
BRDA:33,1,0,0
BRDA:39,2,0,0
BRDA:39,2,1,0
BRDA:39,3,0,0
BRDA:39,3,1,0
BRDA:40,4,0,0
BRDA:40,4,1,0
BRDA:40,5,0,0
BRDA:40,5,1,0
BRDA:42,6,0,0
BRDA:49,7,0,0
BRDA:55,8,0,0
BRDA:55,8,1,0
BRDA:60,9,0,0
BRDA:60,9,1,0
BRDA:75,10,0,0
BRDA:77,11,0,0
BRDA:77,11,1,0
BRDA:93,12,0,0
BRDA:93,12,1,0
BRDA:94,13,0,0
BRDA:94,13,1,0
BRDA:102,14,0,0
BRDA:104,15,0,0
BRDA:104,15,1,0
BRDA:117,16,0,0
BRDA:117,16,1,0
BRDA:125,17,0,0
BRDA:132,18,0,0
BRDA:132,18,1,0
BRDA:132,19,0,0
BRDA:132,19,1,0
BRDA:132,20,0,0
BRDA:132,20,1,0
BRDA:132,21,0,0
BRDA:132,21,1,0
BRDA:137,22,0,0
BRDA:137,22,1,0
BRF:39
BRH:0
end_of_record
TN:
SF:src/backend/tools/deploymentTools.ts
FN:33,delay
FN:34,(anonymous_1)
FN:37,requirePreviewTarget
FN:44,matchesGitSha
FN:122,(anonymous_4)
FN:142,(anonymous_5)
FNF:6
FNH:0
FNDA:0,delay
FNDA:0,(anonymous_1)
FNDA:0,requirePreviewTarget
FNDA:0,matchesGitSha
FNDA:0,(anonymous_4)
FNDA:0,(anonymous_5)
DA:1,1
DA:6,1
DA:7,1
DA:34,0
DA:39,0
DA:40,0
DA:41,0
DA:45,0
DA:46,0
DA:48,0
DA:49,0
DA:50,0
DA:51,0
DA:55,0
DA:56,0
DA:57,0
DA:58,0
DA:59,0
DA:62,0
DA:67,0
DA:72,0
DA:75,1
DA:121,1
DA:125,0
DA:126,0
DA:127,0
DA:129,0
DA:130,0
DA:131,0
DA:133,0
DA:136,0
DA:137,0
DA:138,0
DA:142,0
DA:144,0
DA:145,0
DA:147,0
DA:148,0
DA:150,0
DA:152,0
DA:153,0
DA:155,0
DA:157,0
DA:165,0
DA:171,0
DA:176,0
DA:177,0
DA:180,0
DA:182,0
DA:193,0
DA:199,0
DA:208,0
DA:210,0
DA:213,0
DA:216,0
LF:55
LH:5
BRDA:39,0,0,0
BRDA:40,1,0,0
BRDA:45,2,0,0
BRDA:45,3,0,0
BRDA:45,3,1,0
BRDA:48,4,0,0
BRDA:48,5,0,0
BRDA:48,5,1,0
BRDA:50,6,0,0
BRDA:50,7,0,0
BRDA:50,7,1,0
BRDA:55,8,0,0
BRDA:55,9,0,0
BRDA:55,9,1,0
BRDA:58,10,0,0
BRDA:58,11,0,0
BRDA:58,11,1,0
BRDA:62,12,0,0
BRDA:63,13,0,0
BRDA:63,13,1,0
BRDA:63,13,2,0
BRDA:129,14,0,0
BRDA:129,14,1,0
BRDA:129,15,0,0
BRDA:129,15,1,0
BRDA:130,16,0,0
BRDA:130,16,1,0
BRDA:130,17,0,0
BRDA:130,17,1,0
BRDA:144,18,0,0
BRDA:145,19,0,0
BRDA:145,19,1,0
BRDA:150,20,0,0
BRDA:150,20,1,0
BRDA:150,20,2,0
BRDA:152,21,0,0
BRDA:152,22,0,0
BRDA:152,22,1,0
BRDA:152,22,2,0
BRDA:153,23,0,0
BRDA:153,23,1,0
BRDA:155,24,0,0
BRDA:155,24,1,0
BRDA:160,25,0,0
BRDA:160,25,1,0
BRDA:161,26,0,0
BRDA:161,26,1,0
BRDA:161,27,0,0
BRDA:161,27,1,0
BRDA:161,28,0,0
BRDA:161,28,1,0
BRDA:161,29,0,0
BRDA:161,29,1,0
BRDA:176,30,0,0
BRDA:187,31,0,0
BRDA:187,31,1,0
BRDA:187,32,0,0
BRDA:187,32,1,0
BRDA:188,33,0,0
BRDA:188,33,1,0
BRDA:188,34,0,0
BRDA:188,34,1,0
BRDA:193,35,0,0
BRDA:194,36,0,0
BRDA:194,36,1,0
BRDA:194,36,2,0
BRDA:194,36,3,0
BRDA:210,37,0,0
BRDA:210,37,1,0
BRDA:210,38,0,0
BRDA:210,38,1,0
BRDA:210,39,0,0
BRDA:210,39,1,0
BRDA:220,40,0,0
BRDA:220,40,1,0
BRDA:220,41,0,0
BRDA:220,41,1,0
BRF:77
BRH:0
end_of_record
TN:
SF:src/backend/tools/githubTools.ts
FN:418,buildOptional
FN:432,(anonymous_1)
FN:446,(anonymous_2)
FN:454,(anonymous_3)
FN:458,(anonymous_4)
FN:475,(anonymous_5)
FN:500,(anonymous_6)
FN:517,(anonymous_7)
FN:540,(anonymous_8)
FN:569,(anonymous_9)
FN:587,(anonymous_10)
FN:603,(anonymous_11)
FN:609,(anonymous_12)
FN:615,(anonymous_13)
FN:629,(anonymous_14)
FN:643,(anonymous_15)
FN:661,(anonymous_16)
FN:669,(anonymous_17)
FN:673,(anonymous_18)
FN:689,(anonymous_19)
FNF:20
FNH:0
FNDA:0,buildOptional
FNDA:0,(anonymous_1)
FNDA:0,(anonymous_2)
FNDA:0,(anonymous_3)
FNDA:0,(anonymous_4)
FNDA:0,(anonymous_5)
FNDA:0,(anonymous_6)
FNDA:0,(anonymous_7)
FNDA:0,(anonymous_8)
FNDA:0,(anonymous_9)
FNDA:0,(anonymous_10)
FNDA:0,(anonymous_11)
FNDA:0,(anonymous_12)
FNDA:0,(anonymous_13)
FNDA:0,(anonymous_14)
FNDA:0,(anonymous_15)
FNDA:0,(anonymous_16)
FNDA:0,(anonymous_17)
FNDA:0,(anonymous_18)
FNDA:0,(anonymous_19)
DA:1,1
DA:18,1
DA:23,1
DA:28,1
DA:421,0
DA:422,0
DA:423,0
DA:425,0
DA:431,1
DA:437,0
DA:447,0
DA:448,0
DA:449,0
DA:450,0
DA:451,0
DA:455,0
DA:465,0
DA:467,0
DA:468,0
DA:469,0
DA:470,0
DA:472,0
DA:488,0
DA:493,0
DA:494,0
DA:495,0
DA:497,0
DA:509,0
DA:511,0
DA:512,0
DA:514,0
DA:530,0
DA:532,0
DA:533,0
DA:534,0
DA:535,0
DA:537,0
DA:557,0
DA:559,0
DA:560,0
DA:561,0
DA:562,0
DA:563,0
DA:564,0
DA:566,0
DA:578,0
DA:580,0
DA:581,0
DA:582,0
DA:584,0
DA:593,0
DA:604,0
DA:610,0
DA:620,0
DA:634,0
DA:650,0
DA:666,0
DA:670,0
DA:680,0
DA:695,0
LF:60
LH:5
BRDA:423,0,0,0
BRDA:448,1,0,0
BRDA:449,2,0,0
BRDA:450,3,0,0
BRDA:467,4,0,0
BRDA:468,5,0,0
BRDA:469,6,0,0
BRDA:470,7,0,0
BRDA:493,8,0,0
BRDA:494,9,0,0
BRDA:495,10,0,0
BRDA:511,11,0,0
BRDA:512,12,0,0
BRDA:532,13,0,0
BRDA:533,14,0,0
BRDA:534,15,0,0
BRDA:535,16,0,0
BRDA:559,17,0,0
BRDA:560,18,0,0
BRDA:561,19,0,0
BRDA:562,20,0,0
BRDA:563,21,0,0
BRDA:564,22,0,0
BRDA:580,23,0,0
BRDA:581,24,0,0
BRDA:582,25,0,0
BRDA:605,26,0,0
BRDA:605,26,1,0
BRDA:611,27,0,0
BRDA:611,27,1,0
BRDA:670,28,0,0
BRDA:670,28,1,0
BRDA:670,29,0,0
BRDA:670,29,1,0
BRDA:685,30,0,0
BRDA:685,30,1,0
BRDA:699,31,0,0
BRDA:699,31,1,0
BRF:38
BRH:0
end_of_record
TN:
SF:src/backend/tools/index.ts
FNF:0
FNH:0
DA:1,1
DA:2,1
DA:3,1
DA:4,1
DA:9,1
DA:16,1
LF:6
LH:6
BRF:0
BRH:0
end_of_record
TN:
SF:src/backend/tools/repoRegistrationTools.ts
FN:14,assertNonEmpty
FN:20,normalizeRepo
FN:29,getRepoOwnerLogin
FN:39,getAuthenticatedUserLogin
FN:88,repo_register
FNF:5
FNH:0
FNDA:0,assertNonEmpty
FNDA:0,normalizeRepo
FNDA:0,getRepoOwnerLogin
FNDA:0,getAuthenticatedUserLogin
FNDA:0,repo_register
DA:2,1
DA:3,1
DA:15,0
DA:16,0
DA:21,0
DA:22,0
DA:23,0
DA:24,0
DA:26,0
DA:30,0
DA:31,0
DA:32,0
DA:33,0
DA:34,0
DA:36,0
DA:40,0
DA:41,0
DA:42,0
DA:43,0
DA:44,0
DA:46,0
DA:49,1
DA:88,1
DA:89,0
DA:90,0
DA:91,0
DA:92,0
DA:93,0
DA:98,0
DA:103,0
DA:104,0
DA:111,0
DA:113,0
DA:122,0
LF:34
LH:4
BRDA:15,0,0,0
BRDA:15,1,0,0
BRDA:15,1,1,0
BRDA:23,2,0,0
BRDA:23,3,0,0
BRDA:23,3,1,0
BRDA:23,3,2,0
BRDA:32,4,0,0
BRDA:32,4,1,0
BRDA:32,5,0,0
BRDA:32,5,1,0
BRDA:32,6,0,0
BRDA:32,6,1,0
BRDA:32,7,0,0
BRDA:32,7,1,0
BRDA:33,8,0,0
BRDA:33,9,0,0
BRDA:33,9,1,0
BRDA:42,10,0,0
BRDA:42,10,1,0
BRDA:42,11,0,0
BRDA:42,11,1,0
BRDA:43,12,0,0
BRDA:43,13,0,0
BRDA:43,13,1,0
BRDA:91,14,0,0
BRDA:91,14,1,0
BRDA:91,15,0,0
BRDA:91,15,1,0
BRDA:92,16,0,0
BRDA:92,17,0,0
BRDA:92,17,1,0
BRDA:92,18,0,0
BRDA:92,18,1,0
BRDA:103,19,0,0
BRDA:118,20,0,0
BRDA:118,20,1,0
BRF:37
BRH:0
end_of_record
TN:
SF:src/backend/tools/vercelTools.ts
FN:47,getVercelCtxFromRepo
FN:62,requirePreviewTarget
FN:221,(anonymous_2)
FN:234,(anonymous_3)
FN:240,(anonymous_4)
FN:253,(anonymous_5)
FN:261,(anonymous_6)
FNF:7
FNH:0
FNDA:0,getVercelCtxFromRepo
FNDA:0,requirePreviewTarget
FNDA:0,(anonymous_2)
FNDA:0,(anonymous_3)
FNDA:0,(anonymous_4)
FNDA:0,(anonymous_5)
FNDA:0,(anonymous_6)
DA:1,1
DA:2,1
DA:9,1
DA:13,1
DA:48,0
DA:50,0
DA:51,0
DA:54,0
DA:56,0
DA:64,0
DA:65,0
DA:66,0
DA:72,1
DA:220,1
DA:222,0
DA:223,0
DA:225,0
DA:226,0
DA:228,0
DA:235,0
DA:236,0
DA:237,0
DA:241,0
DA:243,0
DA:244,0
DA:250,0
DA:254,0
DA:256,0
DA:257,0
DA:258,0
DA:262,0
DA:264,0
LF:32
LH:6
BRDA:48,0,0,0
BRDA:54,1,0,0
BRDA:54,1,1,0
BRDA:54,2,0,0
BRDA:54,2,1,0
BRDA:58,3,0,0
BRDA:58,3,1,0
BRDA:64,4,0,0
BRDA:65,5,0,0
BRDA:222,6,0,0
BRDA:222,6,1,0
BRDA:222,7,0,0
BRDA:222,7,1,0
BRDA:230,8,0,0
BRDA:230,8,1,0
BRDA:265,9,0,0
BRDA:265,9,1,0
BRDA:266,10,0,0
BRDA:266,10,1,0
BRDA:267,11,0,0
BRDA:267,11,1,0
BRDA:268,12,0,0
BRDA:268,12,1,0
BRDA:269,13,0,0
BRDA:269,13,1,0
BRF:25
BRH:0
end_of_record
TN:
SF:tests/routes/helpers.ts
FN:4,createTestApp
FN:8,(anonymous_11)
FN:18,(anonymous_12)
FNF:3
FNH:3
FNDA:2,createTestApp
FNDA:1,(anonymous_11)
FNDA:1,(anonymous_12)
DA:1,2
DA:2,2
DA:4,2
DA:5,2
DA:6,2
DA:8,2
DA:9,1
DA:10,1
DA:11,1
DA:12,1
DA:14,0
DA:18,2
DA:19,1
DA:20,1
DA:21,1
DA:22,1
DA:24,0
DA:28,2
LF:18
LH:16
BRF:0
BRH:0
end_of_record
